epoch,loss,mean_squared_error,val_loss,val_mean_squared_error
0,109566.14221084994,109566.14221084994,76316.64963418432,76316.64963418432
1,71716.79388328923,71716.79388328923,70446.40843905666,70446.40843905666
2,63165.26083339819,63165.26083339819,62661.408750389164,62661.408750389164
3,56586.929599937735,56586.929599937735,57172.71997100716,57172.71997100716
4,50549.4775305495,50549.4775305495,50266.442851027394,50266.442851027394
5,44484.01508746498,44484.01508746498,46287.18567092154,46287.18567092154
6,43140.6845958515,43140.6845958515,45266.38669685943,45266.38669685943
7,42392.75509806974,42392.75509806974,54653.36386986302,54653.36386986302
8,42264.901682168434,42264.901682168434,44248.04367168042,44248.04367168042
9,42088.239701704544,42088.239701704544,44238.64573279888,44238.64573279888
10,41474.26882102273,41474.26882102273,48167.092009699954,48167.092009699954
11,40811.17093613792,40811.17093613792,47383.19868729569,47383.19868729569
12,40630.03663021482,40630.03663021482,42359.128487896945,42359.128487896945
13,40111.858175883404,40111.858175883404,42831.635289782454,42831.635289782454
14,39486.505876400995,39486.505876400995,42212.29597748677,42212.29597748677
15,39449.552155491125,39449.552155491125,41860.016309688275,41860.016309688275
16,39387.75980210928,39387.75980210928,44879.29476012803,44879.29476012803
17,38775.48459390567,38775.48459390567,41397.74237356982,41397.74237356982
18,38584.76956530199,38584.76956530199,42241.50222797322,42241.50222797322
19,38568.48772182441,38568.48772182441,41107.95243909558,41107.95243909558
20,38470.71930942559,38470.71930942559,42634.78182523545,42634.78182523545
21,38599.29291037515,38599.29291037515,46841.83416922867,46841.83416922867
22,38434.06074875467,38434.06074875467,43113.11994692754,43113.11994692754
23,38603.36260021015,38603.36260021015,42380.7299835091,42380.7299835091
24,38309.57046573397,38309.57046573397,47428.74101757083,47428.74101757083
25,38269.4848663216,38269.4848663216,40806.99360917069,40806.99360917069
26,38301.8345267746,38301.8345267746,42833.259256061254,42833.259256061254
27,38775.083196314605,38775.083196314605,41293.317159042264,41293.317159042264
28,38136.34886266345,38136.34886266345,40683.11192281872,40683.11192281872
29,38232.394823124225,38232.394823124225,42414.032256966064,42414.032256966064
30,38045.408378249536,38045.408378249536,42449.51917492022,42449.51917492022
31,38088.85878152242,38088.85878152242,44929.59435503094,44929.59435503094
32,38524.3631499066,38524.3631499066,41018.77347520042,41018.77347520042
33,38010.17847622198,38010.17847622198,40552.946259875076,40552.946259875076
34,38461.7408083943,38461.7408083943,40856.94166285609,40856.94166285609
35,38301.42021861379,38301.42021861379,42225.65829798412,42225.65829798412
36,37996.85155763543,37996.85155763543,40327.3768132686,40327.3768132686
37,37863.585772104605,37863.585772104605,40943.178888494316,40943.178888494316
38,37744.49537379359,37744.49537379359,40262.97845968244,40262.97845968244
39,37798.99155753814,37798.99155753814,43542.37245826198,43542.37245826198
40,37948.125175124536,37948.125175124536,39907.28528394497,39907.28528394497
41,37769.85053607565,37769.85053607565,39857.973317831566,39857.973317831566
42,37542.83279255526,37542.83279255526,39928.12025826004,39928.12025826004
43,37917.549993189605,37917.549993189605,41608.32718127335,41608.32718127335
44,37573.318685301216,37573.318685301216,38715.440287398815,38715.440287398815
45,38041.08282660726,38041.08282660726,41669.378210616436,41669.378210616436
46,37290.15358421544,37290.15358421544,40890.20381576899,40890.20381576899
47,37145.484944154734,37145.484944154734,39303.55933681312,39303.55933681312
48,37316.68140955791,37316.68140955791,39811.61922453884,39811.61922453884
49,37105.142006537986,37105.142006537986,39371.443973527006,39371.443973527006
50,37632.64835358616,37632.64835358616,41135.96431716026,41135.96431716026
51,37294.79390761208,37294.79390761208,39636.2685291485,39636.2685291485
52,37246.56220326121,37246.56220326121,39535.62456766131,39535.62456766131
53,36979.3132710344,36979.3132710344,41935.102193678,41935.102193678
54,36998.9242221552,36998.9242221552,43059.25566114376,43059.25566114376
55,37036.71136558219,37036.71136558219,39406.23660175708,39406.23660175708
56,37264.279107156755,37264.279107156755,38933.98811099004,38933.98811099004
57,36985.620845656915,36985.620845656915,38333.69020348498,38333.69020348498
58,37427.74593321918,37427.74593321918,41594.67794415959,41594.67794415959
59,36919.55433968322,36919.55433968322,38688.10899434737,38688.10899434737
60,37032.42981154654,37032.42981154654,38847.7052179814,38847.7052179814
61,36738.88725385274,36738.88725385274,38046.42633459488,38046.42633459488
62,37224.37418518447,37224.37418518447,39476.2499173023,39476.2499173023
63,36978.02659947074,36978.02659947074,38634.75699646832,38634.75699646832
64,37022.3212805495,37022.3212805495,39282.12195295474,39282.12195295474
65,36973.011893874536,36973.011893874536,39221.99402509145,39221.99402509145
66,36895.939849587485,36895.939849587485,39540.62684853674,39540.62684853674
67,36601.731142492994,36601.731142492994,37535.85494945711,37535.85494945711
68,36988.86637268447,36988.86637268447,41309.4204642746,41309.4204642746
69,37089.362850735524,37089.362850735524,37870.52609355542,37870.52609355542
70,36897.746468321915,36897.746468321915,40111.106142492994,40111.106142492994
71,36583.71626906912,36583.71626906912,39512.95345822307,39512.95345822307
72,36840.223295941,36840.223295941,38465.94596131207,38465.94596131207
73,36640.279853868306,36640.279853868306,41396.361519059385,41396.361519059385
74,36899.27290726183,36899.27290726183,39015.38138170824,39015.38138170824
75,36544.44949116594,36544.44949116594,39900.61860856262,39900.61860856262
76,36334.02505740193,36334.02505740193,44463.08317746439,44463.08317746439
77,36419.96296845812,36419.96296845812,39130.266758444894,39130.266758444894
78,36749.3719304561,36749.3719304561,41345.05391524945,41345.05391524945
79,36881.608059133716,36881.608059133716,45055.592639661816,45055.592639661816
80,35975.20468652709,35975.20468652709,39524.115702589894,39524.115702589894
81,36427.590629378115,36427.590629378115,37846.91184547206,37846.91184547206
82,36609.02753833281,36609.02753833281,45737.88588082776,45737.88588082776
83,36206.982312422166,36206.982312422166,37573.224935301216,37573.224935301216
84,36031.56203786581,36031.56203786581,42400.089928879985,42400.089928879985
85,36154.86563813434,36154.86563813434,37376.964771997584,37376.964771997584
86,36183.94683267824,36183.94683267824,38535.76443926097,38535.76443926097
87,36483.67501994474,36483.67501994474,37462.14631411504,37462.14631411504
88,36741.47762297634,36741.47762297634,38414.25834942696,38414.25834942696
89,35901.63782300747,35901.63782300747,37312.98610678705,37312.98610678705
90,35989.595194777394,35989.595194777394,38564.40747161523,38564.40747161523
91,35912.202475579856,35912.202475579856,37399.44476158741,37399.44476158741
92,36105.83527348615,36105.83527348615,36852.374592592234,36852.374592592234
93,36151.26932207347,36151.26932207347,38693.36956870719,38693.36956870719
94,36100.86801447696,36100.86801447696,36793.651271112234,36793.651271112234
95,35715.44456092388,35715.44456092388,38263.28507902494,38263.28507902494
96,36095.83268310243,36095.83268310243,38566.22223728888,38566.22223728888
97,36035.65982302693,36035.65982302693,38910.953544569194,38910.953544569194
98,35971.773041037515,35971.773041037515,42406.700980940615,42406.700980940615
99,35950.98116681584,35950.98116681584,38114.08936945439,38114.08936945439
100,35928.201203494704,35928.201203494704,38223.727681351185,38223.727681351185
101,35745.54929755604,35745.54929755604,37198.77932971085,37198.77932971085
102,35696.4926788216,35696.4926788216,38465.4122322054,38465.4122322054
103,36171.92035725405,36171.92035725405,36285.930142337325,36285.930142337325
104,35985.09040804016,35985.09040804016,36679.871547371185,36679.871547371185
105,35800.543630331566,35800.543630331566,37020.64807569758,37020.64807569758
106,35728.93103985056,35728.93103985056,36359.12450259768,36359.12450259768
107,35794.313803704856,35794.313803704856,36496.21204418976,36496.21204418976
108,35584.998730347135,35584.998730347135,35739.58858017785,35739.58858017785
109,35659.347108985836,35659.347108985836,37020.95837508756,37020.95837508756
110,35618.172431993306,35618.172431993306,36754.51832970112,36754.51832970112
111,35656.633588398974,35656.633588398974,39758.9728532651,39758.9728532651
112,35991.45006761753,35991.45006761753,36548.55373039578,36548.55373039578
113,35460.70869979764,35460.70869979764,38945.48189406912,38945.48189406912
114,35736.683163235524,35736.683163235524,39961.51411698319,39961.51411698319
115,36070.326638873754,36070.326638873754,37701.139126712325,37701.139126712325
116,35660.68656843478,35660.68656843478,36825.99892553802,36825.99892553802
117,36116.37071188122,36116.37071188122,37031.14827271268,37031.14827271268
118,35658.301454992994,35658.301454992994,39830.39785983227,39830.39785983227
119,35775.30666738014,35775.30666738014,36082.508862031056,36082.508862031056
120,35789.18635925825,35789.18635925825,37915.23631717972,37915.23631717972
121,35652.452419637295,35652.452419637295,38837.70941975405,38837.70941975405
122,35979.59715033468,35979.59715033468,38267.646210134844,38267.646210134844
123,35715.656622139635,35715.656622139635,40298.420341444194,40298.420341444194
124,35770.181934931505,35770.181934931505,40721.34658117995,40721.34658117995
125,35727.589734297166,35727.589734297166,36521.955483100486,36521.955483100486
126,35741.92515128814,35741.92515128814,36680.98330601066,36680.98330601066
127,35556.363699603055,35556.363699603055,36495.121294413526,36495.121294413526
128,35749.81440691158,35749.81440691158,37331.94963223848,37331.94963223848
129,35605.30853537515,35605.30853537515,37400.846594557515,37400.846594557515
130,35778.364448746885,35778.364448746885,37571.39708150101,37571.39708150101
131,35985.988470968245,35985.988470968245,35770.4210212679,35770.4210212679
132,35569.33245689991,35569.33245689991,37353.2873635488,37353.2873635488
133,35516.28038897105,35516.28038897105,47000.555520557675,47000.555520557675
134,35713.43937285959,35713.43937285959,36949.136941304096,36949.136941304096
135,35697.294858635585,35697.294858635585,36376.019370111106,36376.019370111106
136,35640.64503716532,35640.64503716532,36799.322387239255,36799.322387239255
137,35650.103484005296,35650.103484005296,36729.464832196645,36729.464832196645
138,35650.44408662827,35650.44408662827,38578.66863641228,38578.66863641228
139,35369.45281853207,35369.45281853207,37318.671375165395,37318.671375165395
140,35473.89589819427,35473.89589819427,38991.83439299891,38991.83439299891
141,35279.65026657846,35279.65026657846,37565.62248136869,37565.62248136869
142,35508.02407962329,35508.02407962329,35945.95767884593,35945.95767884593
143,35630.94443444505,35630.94443444505,37478.02455452697,37478.02455452697
144,35280.091894166406,35280.091894166406,36359.00306711161,36359.00306711161
145,35188.81669569194,35188.81669569194,35979.06273471552,35979.06273471552
146,35391.05908263932,35391.05908263932,36627.034163877644,36627.034163877644
147,35340.57346960616,35340.57346960616,36224.100298319776,36224.100298319776
148,35549.60006664461,35549.60006664461,38746.32156208651,38746.32156208651
149,35474.10359345812,35474.10359345812,40562.8966601076,40562.8966601076
150,35018.435943337485,35018.435943337485,37963.754401828104,37963.754401828104
151,35710.98775101183,35710.98775101183,36257.75228209157,36257.75228209157
152,35265.32198347992,35265.32198347992,38947.74480950343,38947.74480950343
153,35295.3714877802,35295.3714877802,40714.471483280475,40714.471483280475
154,35217.13448104764,35217.13448104764,41613.70641770606,41613.70641770606
155,35412.029073104764,35412.029073104764,35812.57320935165,35812.57320935165
156,35277.20650344412,35277.20650344412,35768.152280510585,35768.152280510585
157,35365.56932499222,35365.56932499222,45378.83070200615,45378.83070200615
158,35203.88436673023,35203.88436673023,37182.41278494221,37182.41278494221
159,35377.078197968556,35377.078197968556,38718.839086701235,38718.839086701235
160,35277.20338038995,35277.20338038995,39805.98371706686,39805.98371706686
161,35355.12017677849,35355.12017677849,37662.361598108655,37662.361598108655
162,35260.493457152865,35260.493457152865,35927.36502094197,35927.36502094197
163,35219.7881114765,35219.7881114765,35693.78789378697,35693.78789378697
164,35453.11970734745,35453.11970734745,37125.09464264866,37125.09464264866
165,35154.41855493073,35154.41855493073,36693.98046753386,36693.98046753386
166,35108.332473925904,35108.332473925904,36615.88047933044,36615.88047933044
167,34940.40737614804,34940.40737614804,37682.90559145879,37682.90559145879
168,35038.033115562735,35038.033115562735,36113.99731110873,36113.99731110873
169,34759.65236807285,34759.65236807285,35085.06560237975,35085.06560237975
170,35155.37716473381,35155.37716473381,35699.196972534635,35699.196972534635
171,34922.09354568805,34922.09354568805,38860.07504086239,38860.07504086239
172,35103.362011597135,35103.362011597135,36530.25661095112,36530.25661095112
173,35043.50885595034,35043.50885595034,36520.949541635855,36520.949541635855
174,34861.81043498988,34861.81043498988,35805.21255192929,35805.21255192929
175,34912.412228556976,34912.412228556976,38706.434868875505,38706.434868875505
176,35167.22717300358,35167.22717300358,36451.88917231768,36451.88917231768
177,35160.24529839274,35160.24529839274,36775.77607896171,36775.77607896171
178,34790.96260118306,34790.96260118306,37488.218630818024,37488.218630818024
179,34666.78870738636,34666.78870738636,39538.87106091415,39538.87106091415
180,34974.66770119863,34974.66770119863,36514.897393441584,36514.897393441584
181,34503.13329895704,34503.13329895704,36127.68835677246,36127.68835677246
182,34643.217616555106,34643.217616555106,36335.29741983188,36335.29741983188
183,34665.652119979764,34665.652119979764,35840.770885424776,35840.770885424776
184,34839.58318901774,34839.58318901774,36253.74055908507,36253.74055908507
185,34394.883381654734,34394.883381654734,38405.16977532982,38405.16977532982
186,34755.36202862313,34755.36202862313,38173.36257102273,38173.36257102273
187,34573.05320623833,34573.05320623833,36799.897782607215,36799.897782607215
188,34457.60991496731,34457.60991496731,36927.25961603946,36927.25961603946
189,34174.76220034246,34174.76220034246,36086.23100020431,36086.23100020431
190,33713.493710110524,33713.493710110524,35247.576811566,35247.576811566
191,33821.91728041329,33821.91728041329,33949.561426146094,33949.561426146094
192,33501.01824943571,33501.01824943571,33590.76658818493,33590.76658818493
193,33136.21858703689,33136.21858703689,35564.225187954835,35564.225187954835
194,32690.767887025217,32690.767887025217,36945.44991499163,36945.44991499163
195,31851.092368462017,31851.092368462017,32382.253367498834,32382.253367498834
196,30484.60680164228,30484.60680164228,30685.143937164346,30685.143937164346
197,28334.14731621653,28334.14731621653,28066.050187164346,28066.050187164346
198,26083.052131168275,26083.052131168275,25404.252835436448,25404.252835436448
199,22643.287007219024,22643.287007219024,22462.249513542964,22462.249513542964
200,19823.831507092542,19823.831507092542,19708.13408823358,19708.13408823358
201,17603.756364074176,17603.756364074176,17389.336930480426,17389.336930480426
202,15787.46039266812,15787.46039266812,15567.969153151269,15567.969153151269
203,14732.474504786736,14732.474504786736,14881.796108830167,14881.796108830167
204,14394.517806151736,14394.517806151736,13707.096531622139,13707.096531622139
205,14000.890533789307,14000.890533789307,13289.492585482663,13289.492585482663
206,13501.12546882297,13501.12546882297,19422.466907543974,19422.466907543974
207,13650.062385074525,13650.062385074525,15393.726718774324,15393.726718774324
208,12995.110681137143,12995.110681137143,12962.948828216211,12962.948828216211
209,13155.433332279343,13155.433332279343,13312.37851434805,13312.37851434805
210,12997.594865202755,12997.594865202755,15957.44740046481,15957.44740046481
211,12740.905069125545,12740.905069125545,13286.916033867139,13286.916033867139
212,12517.049160131926,12517.049160131926,12555.742256212056,12555.742256212056
213,12474.701484423646,12474.701484423646,12999.427423042496,12999.427423042496
214,12566.895978459683,12566.895978459683,12596.577971766033,12596.577971766033
215,12857.050021768953,12857.050021768953,12936.679892724062,12936.679892724062
216,12324.024229208826,12324.024229208826,15578.2341822414,15578.2341822414
217,12665.927892473537,12665.927892473537,13586.755655063045,13586.755655063045
218,12625.72771236282,12625.72771236282,13205.784582230697,13205.784582230697
219,12458.871946874027,12458.871946874027,12319.638191802713,12319.638191802713
220,12670.68363631499,12670.68363631499,13793.171267840811,13793.171267840811
221,12257.460323347992,12257.460323347992,14010.949154598478,14010.949154598478
222,12185.261609297168,12185.261609297168,18735.160913906835,18735.160913906835
223,12247.185776117878,12247.185776117878,12850.372986675942,12850.372986675942
224,12094.856960348887,12094.856960348887,13174.5785847019,13174.5785847019
225,12049.285823304212,12049.285823304212,13625.06262222233,13625.06262222233
226,12457.366687057323,12457.366687057323,12322.321847575984,12322.321847575984
227,12323.354556643057,12323.354556643057,11954.376556206462,11954.376556206462
228,12070.643330309193,12070.643330309193,14276.65155508153,14276.65155508153
229,12052.023144409635,12052.023144409635,12611.011611577434,12611.011611577434
230,12048.08557569758,12048.08557569758,15030.656754699176,15030.656754699176
231,12463.700080995097,12463.700080995097,12821.670784424132,12821.670784424132
232,11965.446741467544,11965.446741467544,12771.348599672614,12771.348599672614
233,11900.018457396092,11900.018457396092,13956.89692370651,13956.89692370651
234,12229.645510852857,12229.645510852857,12396.799728982623,12396.799728982623
235,11743.906142371381,11743.906142371381,12752.848045719664,12752.848045719664
236,11896.762843681896,11896.762843681896,12993.868308479432,12993.868308479432
237,11950.038037291797,11950.038037291797,12115.835600020431,12115.835600020431
238,11874.152379018135,11874.152379018135,12453.461988399216,12453.461988399216
239,12041.598047847914,12041.598047847914,13962.883481986495,13962.883481986495
240,11899.911910535686,11899.911910535686,13714.248974791797,13714.248974791797
241,12031.967860999766,12031.967860999766,15146.111246035374,15146.111246035374
242,11997.70466950109,11997.70466950109,12998.68911579745,12998.68911579745
243,11861.535220097487,11861.535220097487,13038.600822781269,13038.600822781269
244,12180.638129475405,12180.638129475405,11694.573411839392,11694.573411839392
245,11961.183533550942,11961.183533550942,12063.56469483334,12063.56469483334
246,11872.653425508834,11872.653425508834,12250.530445369659,12250.530445369659
247,12005.069650310359,12005.069650310359,12347.452347124796,12347.452347124796
248,11617.887472758406,11617.887472758406,13812.452410972282,13812.452410972282
249,11616.888992328573,11616.888992328573,16753.54429191314,16753.54429191314
250,12116.392876079935,12116.392876079935,12451.661372696626,12451.661372696626
251,11689.67498832503,11689.67498832503,11877.538496081588,11877.538496081588
252,11842.2906215948,11842.2906215948,11738.342746682363,11738.342746682363
253,11796.834527686702,11796.834527686702,12457.104909628444,12457.104909628444
254,11964.037783726066,11964.037783726066,12936.482901643252,12936.482901643252
255,11728.012022785648,11728.012022785648,12574.34142108694,12574.34142108694
256,11638.444525655745,11638.444525655745,13207.025653311799,13207.025653311799
257,11756.19584760274,11756.19584760274,13447.6188514871,13447.6188514871
258,11454.792943819077,11454.792943819077,13092.720199641968,13092.720199641968
259,11461.099146024673,11461.099146024673,12287.617155576258,12287.617155576258
260,11514.95374462465,11514.95374462465,11733.736979369358,11733.736979369358
261,11733.202139620465,11733.202139620465,12322.352692296467,12322.352692296467
262,11884.537108766928,11884.537108766928,12198.640513570936,12198.640513570936
263,11872.533426287166,11872.533426287166,12135.449663554153,12135.449663554153
264,11762.916772673763,11762.916772673763,12367.942294946199,12367.942294946199
265,11446.8959632579,11446.8959632579,12926.181159032534,12926.181159032534
266,11535.967777085927,11535.967777085927,12637.674334344354,12637.674334344354
267,11659.698154017162,11659.698154017162,11638.13018882438,11638.13018882438
268,11321.617865195458,11321.617865195458,11966.046879560534,11966.046879560534
269,11695.507969382394,11695.507969382394,13311.020172309163,13311.020172309163
270,11590.421835475367,11590.421835475367,12322.549203609025,12322.549203609025
271,11316.765775801681,11316.765775801681,12457.875774378794,12457.875774378794
272,11574.528806769536,11574.528806769536,11775.407645219586,11775.407645219586
273,11239.638142244901,11239.638142244901,14743.681145654966,14743.681145654966
274,11475.943798402475,11475.943798402475,12665.66482106894,12665.66482106894
275,11628.374623603868,11628.374623603868,13550.135779507877,13550.135779507877
276,11271.45802666271,11271.45802666271,12075.590113733655,12075.590113733655
277,11589.02843767026,11589.02843767026,12228.656082476358,12228.656082476358
278,11506.650296982021,11506.650296982021,13442.622926172848,13442.622926172848
279,11424.682089381617,11424.682089381617,13765.090467251104,13765.090467251104
280,11492.706421050456,11492.706421050456,12290.2986967816,12290.2986967816
281,11377.822095365038,11377.822095365038,12526.797366625642,12526.797366625642
282,11431.482420050786,11431.482420050786,12012.637987794793,12012.637987794793
283,11352.83130825323,11352.83130825323,11496.674124559757,11496.674124559757
284,11400.999038031212,11400.999038031212,11628.208830532962,11628.208830532962
285,11388.863395567403,11388.863395567403,12007.645790869688,12007.645790869688
286,11351.681641233072,11351.681641233072,13052.489850682014,13052.489850682014
287,11348.698358633153,11348.698358633153,12652.011440557382,12652.011440557382
288,11501.079899352038,11501.079899352038,11430.766877322832,11430.766877322832
289,11289.164584833243,11289.164584833243,12280.354846084994,12280.354846084994
290,11184.318034056858,11184.318034056858,13027.981527402126,13027.981527402126
291,11277.14143251868,11277.14143251868,12096.331834842971,12096.331834842971
292,11169.620343998093,11169.620343998093,12078.446289366535,12078.446289366535
293,11246.48967555748,11246.48967555748,11949.157821256227,11949.157821256227
294,11357.474877230405,11357.474877230405,12636.169445147105,12636.169445147105
295,11007.21670748852,11007.21670748852,11877.455647887804,11877.455647887804
296,11211.962504499728,11211.962504499728,11592.110060600386,11592.110060600386
297,11040.476298597057,11040.476298597057,13801.004161639945,13801.004161639945
298,11085.537242542614,11085.537242542614,11631.32646800572,11631.32646800572
299,11073.396936780044,11073.396936780044,12199.453386774692,12199.453386774692
300,11070.734974558298,11070.734974558298,12864.940172473342,12864.940172473342
301,11066.144861432713,11066.144861432713,13357.653022357565,13357.653022357565
302,11272.214588664092,11272.214588664092,12006.117471317277,12006.117471317277
303,11024.282775042808,11024.282775042808,11831.400561797069,11831.400561797069
304,11090.12266196587,11090.12266196587,11787.526455661873,11787.526455661873
305,11148.08303578378,11148.08303578378,12588.258246662905,12588.258246662905
306,11261.090871390488,11261.090871390488,12173.12455428374,12173.12455428374
307,11149.329810269595,11149.329810269595,12421.857362284012,12421.857362284012
308,11273.986349407496,11273.986349407496,17723.6960263757,17723.6960263757
309,10973.370494191702,10973.370494191702,11870.838228104569,11870.838228104569
310,11219.345517055184,11219.345517055184,11895.724038396054,11895.724038396054
311,11193.390742661795,11193.390742661795,13134.30112845871,13134.30112845871
312,10892.564539471125,10892.564539471125,12357.82654766306,12357.82654766306
313,11002.376487342388,11002.376487342388,11504.54735203193,11504.54735203193
314,11109.923022430534,11109.923022430534,11331.126556054443,11331.126556054443
315,10933.91818035881,10933.91818035881,11731.636199305096,11731.636199305096
316,10866.495115363286,10866.495115363286,12894.633512694096,12894.633512694096
317,11037.370789714352,11037.370789714352,11686.048024254747,11686.048024254747
318,10786.914834142473,10786.914834142473,11837.377250775899,11837.377250775899
319,11052.312065837095,11052.312065837095,12737.432961963925,12737.432961963925
320,11004.924288130935,11004.924288130935,12304.851290996166,12304.851290996166
321,11248.714796320439,11248.714796320439,12234.045645175805,12234.045645175805
322,11028.162811697346,11028.162811697346,11634.143830143797,11634.143830143797
323,10952.037546578262,10952.037546578262,13089.993813482643,13089.993813482643
324,10951.644280116556,10951.644280116556,11763.078881440691,11763.078881440691
325,10880.425801316353,10880.425801316353,12061.933264175357,12061.933264175357
326,10935.064496906134,10935.064496906134,12510.51242502481,12510.51242502481
327,10839.094424959138,10839.094424959138,11962.108024473653,11962.108024473653
328,10772.224832537166,10772.224832537166,11553.253701025938,11553.253701025938
329,11062.641330970773,11062.641330970773,13123.661539004124,13123.661539004124
330,10877.350896661932,10877.350896661932,16181.747593861885,16181.747593861885
331,11433.769989735756,11433.769989735756,11878.116588245739,11878.116588245739
332,11006.793052967874,11006.793052967874,11759.572735664111,11759.572735664111
333,10712.811849363714,10712.811849363714,11713.370918625467,11713.370918625467
334,11035.643691503541,11035.643691503541,12239.387447219411,12239.387447219411
335,10769.66765376907,10769.66765376907,13016.546831370884,13016.546831370884
336,10974.457422239842,10974.457422239842,11551.518100762278,11551.518100762278
337,10999.629415205674,10999.629415205674,12564.39122151794,12564.39122151794
338,10910.479631435826,10910.479631435826,11779.008153019926,11779.008153019926
339,10964.975863826083,10964.975863826083,11457.840642451647,11457.840642451647
340,10880.06880995583,10880.06880995583,11675.72466379738,11675.72466379738
341,10846.003927836531,10846.003927836531,11319.505621011052,11319.505621011052
342,11379.86351870184,11379.86351870184,13344.731906230541,13344.731906230541
343,10884.466602900256,10884.466602900256,12503.512414991634,12503.512414991634
344,10790.671895066353,10790.671895066353,16498.4724677479,16498.4724677479
345,10825.27013688901,10825.27013688901,12934.862438159149,12934.862438159149
346,10810.649309474236,10810.649309474236,11762.465206160492,11762.465206160492
347,10965.856448352857,10965.856448352857,11715.63689478664,11715.63689478664
348,10837.960483270743,10837.960483270743,11332.58897055962,11332.58897055962
349,10811.78218399751,10811.78218399751,11430.039596994668,11430.039596994668
350,10976.925635920961,10976.925635920961,11394.41849609983,11394.41849609983
351,10933.15094944252,10933.15094944252,12503.979707748775,12503.979707748775
352,10847.468770674424,10847.468770674424,11970.049737191586,11970.049737191586
353,10768.7416356753,10768.7416356753,11708.016125746712,11708.016125746712
354,11165.333300902865,11165.333300902865,11667.17988937967,11667.17988937967
355,11114.01950267065,11114.01950267065,12396.947858190477,12396.947858190477
356,10723.091122523934,10723.091122523934,11140.099162138562,11140.099162138562
357,10852.78122628522,10852.78122628522,13194.389891666018,13194.389891666018
358,10825.890536829662,10825.890536829662,11978.694415898875,11978.694415898875
359,10814.10935189329,10814.10935189329,15019.632055451237,15019.632055451237
360,11019.029727997548,11019.029727997548,11923.935933304308,11923.935933304308
361,10943.63634083369,10943.63634083369,11502.221752047984,11502.221752047984
362,11065.21027105386,11065.21027105386,11426.843839994552,11426.843839994552
363,10896.238995125701,10896.238995125701,11738.24447871264,11738.24447871264
364,10672.484184065614,10672.484184065614,11989.684517410298,11989.684517410298
365,10837.016787936353,10837.016787936353,11312.817897240815,11312.817897240815
366,10910.69544870797,10910.69544870797,11601.228362086998,11601.228362086998
367,10894.355678534597,10894.355678534597,11761.033724850171,11761.033724850171
368,10770.572681849802,10770.572681849802,11673.888499942841,11673.888499942841
369,11048.133848045416,11048.133848045416,13961.928421495564,13961.928421495564
370,10660.279620368929,10660.279620368929,11617.421880928696,11617.421880928696
371,10700.021824286854,10700.021824286854,11318.530689358266,11318.530689358266
372,10673.209193551525,10673.209193551525,11505.396091256907,11505.396091256907
373,10893.315632783313,10893.315632783313,11548.261140474198,11548.261140474198
374,10855.477066591104,10855.477066591104,11304.208962484434,11304.208962484434
375,10785.8520878736,10785.8520878736,11693.914121482916,11693.914121482916
376,10588.134500505916,10588.134500505916,12389.977216784713,12389.977216784713
377,10714.528035735133,10714.528035735133,11885.94686186566,11885.94686186566
378,10757.176281692677,10757.176281692677,11662.086207635673,11662.086207635673
379,10686.55975334196,10686.55975334196,12244.187849640995,12244.187849640995
380,10854.426872129903,10854.426872129903,12362.119109005293,12362.119109005293
381,10916.065806691702,10916.065806691702,11105.248654642259,11105.248654642259
382,10783.584925669365,10783.584925669365,11583.987547307946,11583.987547307946
383,10760.265849378307,10760.265849378307,14796.799293907612,14796.799293907612
384,10772.720382063357,10772.720382063357,12210.6013390338,12210.6013390338
385,10711.397434182363,10711.397434182363,22122.672400373598,22122.672400373598
386,10853.962893665357,10853.962893665357,12043.602033907271,12043.602033907271
387,10746.234257034168,10746.234257034168,11452.159807521111,11452.159807521111
388,11116.33874982974,11116.33874982974,11776.030506632842,11776.030506632842
389,10765.770900626556,10765.770900626556,11412.124117080479,11412.124117080479
390,10836.868055217737,10836.868055217737,13485.294412919326,13485.294412919326
391,10747.043141442247,10747.043141442247,11757.184537780686,11757.184537780686
392,10675.476348154869,10675.476348154869,11523.091673436527,11523.091673436527
393,10718.37636907252,10718.37636907252,11689.905171737575,11689.905171737575
394,10677.762353272397,10677.762353272397,12192.330595441654,12192.330595441654
395,10913.272092446296,10913.272092446296,11618.036422558473,11618.036422558473
396,10638.65562064621,10638.65562064621,11154.306751598011,11154.306751598011
397,10669.885975990914,10669.885975990914,11763.910093010585,11763.910093010585
398,10534.602518996147,10534.602518996147,11907.135175465053,11907.135175465053
399,10682.316412026677,10682.316412026677,12002.774490071411,12002.774490071411
400,10827.588462212017,10827.588462212017,12233.545786856417,12233.545786856417
401,10814.497916139671,10814.497916139671,12140.360270384983,12140.360270384983
402,10708.051722544365,10708.051722544365,12402.991462679016,12402.991462679016
403,10784.42896450323,10784.42896450323,11323.571233119941,11323.571233119941
404,10750.926413036075,10750.926413036075,11099.055086090733,11099.055086090733
405,10821.085513674307,10821.085513674307,11638.771935259865,11638.771935259865
406,10699.098549506733,10699.098549506733,12891.170147165414,12891.170147165414
407,10732.290475049618,10732.290475049618,11341.15313591488,11341.15313591488
408,10606.421500732118,10606.421500732118,11138.312048203028,11138.312048203028
409,10694.843284521423,10694.843284521423,11915.277206021852,11915.277206021852
410,10764.705996920728,10764.705996920728,12396.118959419755,12396.118959419755
411,10749.451372538528,10749.451372538528,11780.811178813094,11780.811178813094
412,10626.867123044443,10626.867123044443,12023.874268794267,12023.874268794267
413,10628.985639180222,10628.985639180222,11653.159920318338,11653.159920318338
414,10673.242881613383,10673.242881613383,11450.062317882646,11450.062317882646
415,10612.342550275334,10612.342550275334,11300.410594061332,11300.410594061332
416,10886.547868588495,10886.547868588495,11235.98645186751,11235.98645186751
417,10658.74141768174,10658.74141768174,11344.355988954992,11344.355988954992
418,10682.796524142863,10682.796524142863,11324.163590028604,11324.163590028604
419,10543.173739650627,10543.173739650627,11677.282257878172,11677.282257878172
420,10655.504842679795,10655.504842679795,11235.643123868987,11235.643123868987
421,10761.713326004048,10761.713326004048,12423.688596960616,12423.688596960616
422,10587.56100292847,10587.56100292847,13442.64018627656,13442.64018627656
423,10810.587852316508,10810.587852316508,12515.675669364882,12515.675669364882
424,10786.407008264905,10786.407008264905,11205.07689274352,11205.07689274352
425,10779.974040220268,10779.974040220268,11688.822235221436,11688.822235221436
426,10548.325004986185,10548.325004986185,11589.410955255682,11589.410955255682
427,10839.274922410103,10839.274922410103,13197.008406585655,13197.008406585655
428,10679.474203791446,10679.474203791446,11249.833537746634,11249.833537746634
429,10694.21715320478,10694.21715320478,12288.312749613267,12288.312749613267
430,10622.314979714742,10622.314979714742,11509.65170588321,11509.65170588321
431,10549.167507223887,10549.167507223887,11585.324114465773,11585.324114465773
432,10578.771959278682,10578.771959278682,11612.27450071266,11612.27450071266
433,10728.204574641968,10728.204574641968,12007.740966796875,12007.740966796875
434,10727.016148549385,10727.016148549385,11872.495082527435,11872.495082527435
435,10589.50414157359,10589.50414157359,11566.608906633084,11566.608906633084
436,10599.903270450654,10599.903270450654,12143.710588163041,12143.710588163041
437,10642.097910423801,10642.097910423801,16000.247707571218,16000.247707571218
438,10476.684636896307,10476.684636896307,11240.88644846231,11240.88644846231
439,10518.780330292166,10518.780330292166,11317.871466649722,11317.871466649722
440,10765.864981113305,10765.864981113305,14441.49807910278,14441.49807910278
441,10868.456285146522,10868.456285146522,12130.836456184814,12130.836456184814
442,10542.47963265197,10542.47963265197,13162.080463642202,13162.080463642202
443,11011.65500862245,11011.65500862245,11288.784327448824,11288.784327448824
444,10476.226547298218,10476.226547298218,12567.649646041698,12567.649646041698
445,10517.290256143953,10517.290256143953,11901.578799503084,11901.578799503084
446,10558.538491521054,10558.538491521054,11824.881576595093,11824.881576595093
447,10542.063238806624,10542.063238806624,11787.501575512726,11787.501575512726
448,10716.49049006898,10716.49049006898,12524.494160691353,12524.494160691353
449,10525.477436602487,10525.477436602487,14490.468248341182,14490.468248341182
450,10697.058541455868,10697.058541455868,11525.779179973293,11525.779179973293
451,10578.776857901035,10578.776857901035,11156.510408356358,11156.510408356358
452,10416.097349782067,10416.097349782067,11808.057500133777,11808.057500133777
453,10685.874868352565,10685.874868352565,11348.77021365801,11348.77021365801
454,10771.01397712679,10771.01397712679,11772.45244669647,11772.45244669647
455,10578.669786883172,10578.669786883172,11540.253466006383,11540.253466006383
456,10591.660887759768,10591.660887759768,11730.09128487897,11730.09128487897
457,10660.898427162789,10660.898427162789,11934.657270647669,11934.657270647669
458,10819.31094850609,10819.31094850609,11731.102984626741,11731.102984626741
459,10682.29771109803,10682.29771109803,12031.221371699388,12031.221371699388
460,10616.807283356358,10616.807283356358,12292.346290521871,12292.346290521871
461,10565.598390800125,10565.598390800125,12548.393724947462,12548.393724947462
462,10507.578190063628,10507.578190063628,11700.697130937207,11700.697130937207
463,10571.193724521812,10571.193724521812,11946.39409951938,11946.39409951938
464,10522.871121113209,10522.871121113209,12008.391609771463,12008.391609771463
465,10705.994073129086,10705.994073129086,11089.0955368175,11089.0955368175
466,10669.158468852156,10669.158468852156,12054.815948980386,12054.815948980386
467,10603.664344645082,10603.664344645082,11503.93664718001,11503.93664718001
468,10525.471217553315,10525.471217553315,11536.821128607688,11536.821128607688
469,10593.74823051253,10593.74823051253,11259.897159638173,11259.897159638173
470,10672.357436468712,10672.357436468712,11202.941815786016,11202.941815786016
471,10498.429056321997,10498.429056321997,11555.432625244444,11555.432625244444
472,10614.71733410599,10614.71733410599,11306.479307941898,11306.479307941898
473,10538.839996375895,10538.839996375895,12669.846640010848,12669.846640010848
474,10464.451154849005,10464.451154849005,12484.127154700634,12484.127154700634
475,10554.32739774673,10554.32739774673,11910.797837424843,11910.797837424843
476,10792.134428753503,10792.134428753503,11828.400265058277,11828.400265058277
477,10522.122612712095,10522.122612712095,12811.58808277553,12811.58808277553
478,10585.642320302772,10585.642320302772,11514.909646078184,11514.909646078184
479,10469.97211628269,10469.97211628269,11435.179488964723,11435.179488964723
480,10598.721096243093,10598.721096243093,11948.64344493063,11948.64344493063
481,10702.839502622004,10702.839502622004,11298.492559031562,11298.492559031562
482,10443.90947581822,10443.90947581822,11938.937554118345,11938.937554118345
483,10457.695208519808,10457.695208519808,12588.158709648389,12588.158709648389
484,10911.470241598887,10911.470241598887,11323.444409210091,11323.444409210091
485,10525.797674005682,10525.797674005682,11589.54154023851,11589.54154023851
486,10520.747883303822,10520.747883303822,11681.226700380166,11681.226700380166
487,10474.428634928589,10474.428634928589,12134.17641820468,12134.17641820468
488,10509.451562864842,10509.451562864842,11903.154434907185,11903.154434907185
489,10604.198346167692,10604.198346167692,11658.037609209605,11658.037609209605
490,10425.114752782534,10425.114752782534,11495.314337439437,11495.314337439437
491,10557.16133469217,10557.16133469217,11441.248637312228,11441.248637312228
492,10623.788692792652,10623.788692792652,12689.337573211784,12689.337573211784
493,10567.4794921875,10567.4794921875,11519.113150362653,11519.113150362653
494,10583.073064326647,10583.073064326647,11462.429388936995,11462.429388936995
495,10414.0357387823,10414.0357387823,12917.965052926525,12917.965052926525
496,10668.074436439523,10668.074436439523,13877.33715789909,13877.33715789909
497,10555.337269176136,10555.337269176136,11770.92901269288,11770.92901269288
498,10469.535843370564,10469.535843370564,11525.418653438279,11525.418653438279
499,10514.306366992918,10514.306366992918,11508.609093767025,11508.609093767025
