epoch,loss,mean_squared_error,val_loss,val_mean_squared_error
0,78989.09853025114,78989.09853025114,43271.391766552515,43271.391766552515
1,78191.6973102169,78191.6973102169,39631.00310359589,39631.00310359589
2,77130.42249928653,77130.42249928653,39120.34480236872,39120.34480236872
3,76080.4171660959,76080.4171660959,37824.507669805935,37824.507669805935
4,74802.59118150685,74802.59118150685,37297.50930186929,37297.50930186929
5,73789.94782748287,73789.94782748287,34642.50091859304,34642.50091859304
6,72167.11062357305,72167.11062357305,32460.56660245434,32460.56660245434
7,70756.45082405822,70756.45082405822,30304.2006189355,30304.2006189355
8,69050.64367508562,69050.64367508562,28410.69095141267,28410.69095141267
9,67274.71179366438,67274.71179366438,26707.367767194635,26707.367767194635
10,65487.00742009132,65487.00742009132,24703.811126569635,24703.811126569635
11,63407.79389626141,63407.79389626141,23346.70527432934,23346.70527432934
12,61383.58637450057,61383.58637450057,23077.294529466326,23077.294529466326
13,59439.22513555936,59439.22513555936,23499.099190211185,23499.099190211185
14,57576.54100670662,57576.54100670662,21453.674693207762,21453.674693207762
15,55801.74470248288,55801.74470248288,20019.801191495433,20019.801191495433
16,54466.647180008564,54466.647180008564,25347.067690496577,25347.067690496577
17,53367.760630707766,53367.760630707766,22248.20225099886,22248.20225099886
18,52158.21321168664,52158.21321168664,25917.723949414954,25917.723949414954
19,51431.77982305936,51431.77982305936,27041.847959474886,27041.847959474886
20,51466.16012949486,51466.16012949486,26541.73464255137,26541.73464255137
21,50559.21617258847,50559.21617258847,28351.988058290524,28351.988058290524
22,50372.031107305935,50372.031107305935,32380.923248430365,32380.923248430365
23,49797.65171054509,49797.65171054509,27277.689925799088,27277.689925799088
24,49822.05967287386,49822.05967287386,27956.37758632991,27956.37758632991
25,49496.60942851027,49496.60942851027,24113.16361658105,24113.16361658105
26,49058.726660602166,49058.726660602166,26467.567173230593,26467.567173230593
27,48758.49263341895,48758.49263341895,25368.6434699629,25368.6434699629
28,48548.631358804225,48548.631358804225,30299.515241509704,30299.515241509704
29,48372.63415471604,48372.63415471604,34870.1849939355,34870.1849939355
30,48822.730566852166,48822.730566852166,29662.892150042808,29662.892150042808
31,48000.957405821915,48000.957405821915,27008.7533533105,27008.7533533105
32,47898.26204873002,47898.26204873002,27791.802939497717,27791.802939497717
33,47900.66750499429,47900.66750499429,26939.020173373287,26939.020173373287
34,47826.03141053082,47826.03141053082,31530.11221104452,31530.11221104452
35,47509.341894977166,47509.341894977166,23942.171286386987,23942.171286386987
36,47559.22276327055,47559.22276327055,32053.257562785388,32053.257562785388
37,47482.31480986016,47482.31480986016,30189.597370861873,30189.597370861873
38,47142.958507241725,47142.958507241725,27965.878228453195,27965.878228453195
39,47142.16884275114,47142.16884275114,27584.783961187215,27584.783961187215
40,46876.055186929225,46876.055186929225,28433.41964540525,28433.41964540525
41,47039.63798515982,47039.63798515982,25012.198371503997,25012.198371503997
42,47002.03181185788,47002.03181185788,28650.802056578195,28650.802056578195
43,46939.83031000286,46939.83031000286,26677.240519763127,26677.240519763127
44,46775.805338541664,46775.805338541664,30717.41222531393,30717.41222531393
45,46797.01690924657,46797.01690924657,27450.950395976026,27450.950395976026
46,46543.70108269121,46543.70108269121,24137.76687357306,24137.76687357306
47,46479.61743721461,46479.61743721461,29744.597513555935,29744.597513555935
48,46836.51393942637,46836.51393942637,27484.671482591326,27484.671482591326
49,46582.799131349886,46582.799131349886,29105.032855308218,29105.032855308218
50,46249.45616170805,46249.45616170805,26042.509221603883,26042.509221603883
51,46339.8687571347,46339.8687571347,24649.95233126427,24649.95233126427
52,46463.171660958906,46463.171660958906,27214.996084831622,27214.996084831622
53,46103.346568207766,46103.346568207766,23449.22271867865,23449.22271867865
54,46388.071445134134,46388.071445134134,28538.297445776258,28538.297445776258
55,46457.28193671518,46457.28193671518,28776.107002711185,28776.107002711185
56,45927.00035673516,45927.00035673516,22820.50105236872,22820.50105236872
57,45918.738263413245,45918.738263413245,31398.45002140411,31398.45002140411
58,46101.69868364726,46101.69868364726,25644.373011201485,25644.373011201485
59,45798.87293985445,45798.87293985445,24346.627729023974,24346.627729023974
60,45651.55602525685,45651.55602525685,27084.070972460046,27084.070972460046
61,45590.20921625286,45590.20921625286,25069.5303581621,25069.5303581621
62,45982.869515196915,45982.869515196915,26566.840949628997,26566.840949628997
63,45712.20962649829,45712.20962649829,21828.559949343606,21828.559949343606
64,45654.60830479452,45654.60830479452,25177.261549300798,25177.261549300798
65,45770.10993685788,45770.10993685788,24044.543093607306,24044.543093607306
66,45593.82605593607,45593.82605593607,24529.62295769121,24529.62295769121
67,45377.691250178366,45377.691250178366,23094.67952696918,23094.67952696918
68,45607.46017943779,45607.46017943779,25628.554839112443,25628.554839112443
69,45568.07807148973,45568.07807148973,26994.410486230023,26994.410486230023
70,45413.3873965468,45413.3873965468,23880.932291666668,23880.932291666668
71,45185.76540649971,45185.76540649971,25143.794930793378,25143.794930793378
72,45196.069121896406,45196.069121896406,21714.844436715182,21714.844436715182
73,45058.82079409246,45058.82079409246,24796.396493293378,24796.396493293378
74,45118.4541862871,45118.4541862871,26750.24093000856,26750.24093000856
75,45010.46299764555,45010.46299764555,21556.796545019977,21556.796545019977
76,45249.175683147834,45249.175683147834,27126.17615582192,27126.17615582192
77,44773.95980932506,44773.95980932506,27817.957352311645,27817.957352311645
78,45272.29528752854,45272.29528752854,22766.477284888697,22766.477284888697
79,45109.58562535673,45109.58562535673,24156.09118150685,24156.09118150685
80,45041.236622431505,45041.236622431505,26971.51518799943,26971.51518799943
81,44978.43280893265,44978.43280893265,23015.86319206621,23015.86319206621
82,44700.226901398404,44700.226901398404,24753.654225527967,24753.654225527967
83,44815.73729130993,44815.73729130993,22148.026113013697,22148.026113013697
84,44673.35039419235,44673.35039419235,23800.752363370433,23800.752363370433
85,44453.330854023974,44453.330854023974,27104.69825556507,27104.69825556507
86,44470.64514661815,44470.64514661815,23415.67117936644,23415.67117936644
87,44666.32107056221,44666.32107056221,23458.59269763128,23458.59269763128
88,44434.16270690639,44434.16270690639,24621.67584367865,24621.67584367865
89,44498.65175513698,44498.65175513698,22972.58422517123,22972.58422517123
90,44405.1934842323,44405.1934842323,22155.73597138984,22155.73597138984
91,44195.72480557934,44195.72480557934,24148.740822988013,24148.740822988013
92,44116.845399900114,44116.845399900114,19552.895815496577,19552.895815496577
93,44275.97667843893,44275.97667843893,21937.28479951484,21937.28479951484
94,44132.44362692637,44132.44362692637,20254.67329302226,20254.67329302226
95,44114.08327982306,44114.08327982306,23660.697060502283,23660.697060502283
96,43935.779163099316,43935.779163099316,22183.035187464327,22183.035187464327
97,44371.99673587329,44371.99673587329,23540.749054651827,23540.749054651827
98,44070.401202197485,44070.401202197485,20307.366465111303,20307.366465111303
99,44069.34577447203,44069.34577447203,20549.83798426798,20549.83798426798
100,43795.93646546804,43795.93646546804,22533.16780821918,22533.16780821918
101,44116.627898473176,44116.627898473176,23216.95339255137,23216.95339255137
102,43610.84023615868,43610.84023615868,22456.13741438356,22456.13741438356
103,44006.70271475457,44006.70271475457,21080.657440603594,21080.657440603594
104,43680.20676815782,43680.20676815782,24247.284790596463,24247.284790596463
105,43528.79918486016,43528.79918486016,19411.5233527754,19411.5233527754
106,43585.38790489441,43585.38790489441,20908.98581085902,20908.98581085902
107,43466.15177743293,43466.15177743293,23500.84099422089,23500.84099422089
108,43528.86403931221,43528.86403931221,22862.555427725456,22862.555427725456
109,43525.091020976026,43525.091020976026,20950.967724386417,20950.967724386417
110,43606.06694135274,43606.06694135274,17051.26712328767,17051.26712328767
111,43430.82988637985,43430.82988637985,18980.67337774686,18980.67337774686
112,43248.922213898404,43248.922213898404,23631.304094427796,23631.304094427796
113,43178.651050585046,43178.651050585046,22462.087471461185,22462.087471461185
114,43397.82346960616,43397.82346960616,24684.586419092466,24684.586419092466
115,43054.33025203339,43054.33025203339,22250.046134774544,22250.046134774544
116,43093.42246361302,43093.42246361302,24579.340780179795,24579.340780179795
117,43321.301120148404,43321.301120148404,24515.57545394549,24515.57545394549
118,43096.16509703196,43096.16509703196,20906.70268799943,20906.70268799943
119,42870.76400185502,42870.76400185502,19578.553394335046,19578.553394335046
120,42849.43319242295,42849.43319242295,25870.68632723316,25870.68632723316
121,42942.185404180935,42942.185404180935,17790.77411975599,17790.77411975599
122,42854.57066477597,42854.57066477597,20861.103096461185,20861.103096461185
123,42767.317480914666,42767.317480914666,20463.18411101598,20463.18411101598
124,42911.261482412956,42911.261482412956,21011.334372324487,21011.334372324487
125,42821.229380707766,42821.229380707766,18099.972584902967,18099.972584902967
126,42951.211873929795,42951.211873929795,19830.707793771406,19830.707793771406
127,42372.34517248145,42372.34517248145,23479.4520637129,23479.4520637129
128,42657.48936037386,42657.48936037386,20677.32848173516,20677.32848173516
129,42596.98676066638,42596.98676066638,23923.86186322774,23923.86186322774
130,42553.117526398404,42553.117526398404,20057.202375856163,20057.202375856163
131,42428.349832334476,42428.349832334476,19244.762994078195,19244.762994078195
132,42278.06661583191,42278.06661583191,19384.76733286958,19384.76733286958
133,42358.16974796661,42358.16974796661,17859.868195276827,17859.868195276827
134,42072.73306399829,42072.73306399829,25699.08956728025,25699.08956728025
135,42349.471536993435,42349.471536993435,22430.33584385702,22430.33584385702
136,42269.566504352166,42269.566504352166,19125.99394442066,19125.99394442066
137,42165.25452161815,42165.25452161815,20183.403182077625,20183.403182077625
138,42085.6453829552,42085.6453829552,19610.013020833332,19610.013020833332
139,42254.36850742009,42254.36850742009,22379.698545412386,22379.698545412386
140,41873.48178867009,41873.48178867009,19032.1395637129,19032.1395637129
141,41930.46070562214,41930.46070562214,23417.445646939213,23417.445646939213
142,41983.055989583336,41983.055989583336,22655.345221532534,22655.345221532534
143,41895.229960402394,41895.229960402394,21763.713822595604,21763.713822595604
144,41941.84328624429,41941.84328624429,21739.454583154966,21739.454583154966
145,42000.43129280822,42000.43129280822,21294.954685716326,21294.954685716326
146,41698.57203374714,41698.57203374714,21368.90356556792,21368.90356556792
147,41747.04682148973,41747.04682148973,19309.78772920234,19309.78772920234
148,41630.14518675086,41630.14518675086,18384.168182791094,18384.168182791094
149,41638.74704801655,41638.74704801655,18068.512476812215,18068.512476812215
150,41390.08542023402,41390.08542023402,18588.2568359375,18588.2568359375
151,41513.76864387129,41513.76864387129,21434.319286886417,21434.319286886417
152,41579.94063926941,41579.94063926941,20219.99183076484,20219.99183076484
153,41392.366090539384,41392.366090539384,21253.050935092037,21253.050935092037
154,41861.91460652112,41861.91460652112,17820.60083119292,17820.60083119292
155,41189.92052832477,41189.92052832477,19812.685328374715,19812.685328374715
156,41329.655144121,41329.655144121,19730.02418887343,19730.02418887343
157,41274.562076377,41274.562076377,22942.951720355308,22942.951720355308
158,41555.61031588898,41555.61031588898,23540.883782373716,23540.883782373716
159,41173.2915685645,41173.2915685645,22442.445878817067,22442.445878817067
160,41233.204324521976,41233.204324521976,22119.02176530394,22119.02176530394
161,41254.90317315925,41254.90317315925,27172.64276987015,27172.64276987015
162,41150.8115234375,41150.8115234375,19509.36798123573,19509.36798123573
163,40996.43944420662,40996.43944420662,19898.266218072204,19898.266218072204
164,40937.193939069635,40937.193939069635,28077.134025399544,28077.134025399544
165,40991.39354576912,40991.39354576912,16391.404167558503,16391.404167558503
166,40778.97471193636,40778.97471193636,17173.841190425228,17173.841190425228
167,40833.23310859018,40833.23310859018,22525.55504869435,22525.55504869435
168,40985.79395423088,40985.79395423088,21731.05928938356,21731.05928938356
169,40712.04552832477,40712.04552832477,19165.039383561645,19165.039383561645
170,40925.85312321632,40925.85312321632,16777.779885488013,16777.779885488013
171,40614.37976687357,40614.37976687357,19117.703611051656,19117.703611051656
172,40657.2684298302,40657.2684298302,19175.863941210046,19175.863941210046
173,40678.91522188927,40678.91522188927,18116.636419984305,18116.636419984305
174,40502.44622217466,40502.44622217466,16861.29954605451,16861.29954605451
175,40851.42240118436,40851.42240118436,18318.997627711185,18318.997627711185
176,40762.41821846461,40762.41821846461,20321.861800799088,20321.861800799088
177,40585.56935823345,40585.56935823345,20349.356770833332,20349.356770833332
178,40750.14652004852,40750.14652004852,21683.94083770334,21683.94083770334
179,40470.72924247289,40470.72924247289,16124.466582833904,16124.466582833904
180,40513.06288794948,40513.06288794948,17600.00630975314,17600.00630975314
181,40502.469387664096,40502.469387664096,20812.85786333476,20812.85786333476
182,40346.48516873573,40346.48516873573,20044.964281892124,20044.964281892124
183,40240.4947336972,40240.4947336972,19686.959889590467,19686.959889590467
184,40206.24429223744,40206.24429223744,13723.551209332192,13723.551209332192
185,40341.162252069065,40341.162252069065,20188.8588220605,20188.8588220605
186,40179.79347263841,40179.79347263841,26663.51590146975,26663.51590146975
187,40127.39268068636,40127.39268068636,19554.443568956907,19554.443568956907
188,40149.36363352597,40149.36363352597,17117.303644049658,17117.303644049658
189,40325.61207280964,40325.61207280964,16356.95943029395,16356.95943029395
190,40235.57978827768,40235.57978827768,18050.063449807363,18050.063449807363
191,40205.765607163245,40205.765607163245,18482.05326501855,18482.05326501855
192,39859.752960901824,39859.752960901824,19126.004628638697,19126.004628638697
193,40187.99586187214,40187.99586187214,17163.209084706763,17163.209084706763
194,39779.77655447346,39779.77655447346,22949.303822417238,22949.303822417238
195,40206.12349725314,40206.12349725314,15088.377559574772,15088.377559574772
196,39878.78831335616,39878.78831335616,18466.98222567066,18466.98222567066
197,39777.53514733162,39777.53514733162,22155.47534068208,22155.47534068208
198,39871.06230825485,39871.06230825485,20654.942601312785,20654.942601312785
199,40141.055084367865,40141.055084367865,20337.828722531394,20337.828722531394
200,39799.311117651254,39799.311117651254,19131.453700235445,19131.453700235445
201,40300.9788991153,40300.9788991153,19934.105535637842,19934.105535637842
202,39663.0965548302,39663.0965548302,24880.591649721748,24880.591649721748
203,39667.46830854024,39667.46830854024,16228.838827054795,16228.838827054795
204,39667.16194884418,39667.16194884418,20785.813525613583,20785.813525613583
205,39751.86551084475,39751.86551084475,17721.57439265839,17721.57439265839
206,39733.389617223176,39733.389617223176,16258.003293111444,16258.003293111444
207,39464.39959688927,39464.39959688927,17927.86556212543,17927.86556212543
208,39493.87448719321,39493.87448719321,17941.685995023545,17941.685995023545
209,39775.044605272546,39775.044605272546,19691.745589861588,19691.745589861588
210,39261.4725715254,39261.4725715254,17365.633534888697,17365.633534888697
211,39690.94135273973,39690.94135273973,21963.34697399401,21963.34697399401
212,39770.21413027968,39770.21413027968,16449.35645869007,16449.35645869007
213,39404.59278235588,39404.59278235588,20724.33476473316,20724.33476473316
214,39548.004659853024,39548.004659853024,20920.04270119863,20920.04270119863
215,39282.22033747146,39282.22033747146,17682.77905161958,17682.77905161958
216,39617.77189462043,39617.77189462043,18631.889195829765,18631.889195829765
217,39546.15759221604,39546.15759221604,18401.40418093607,18401.40418093607
218,39465.45785620006,39465.45785620006,19759.951691370577,19759.951691370577
219,39377.94203945491,39377.94203945491,18527.90302600599,18527.90302600599
220,39365.742089397834,39365.742089397834,22307.62783604452,22307.62783604452
221,39317.79975117723,39317.79975117723,19525.250593072204,19525.250593072204
222,39001.19886647403,39001.19886647403,15060.348211419092,15060.348211419092
223,39028.63480129852,39028.63480129852,19711.94700253282,19711.94700253282
224,38989.98711740154,38989.98711740154,17941.053586080194,17941.053586080194
225,39271.07439265839,39271.07439265839,18982.517230308218,18982.517230308218
226,38738.00893621575,38738.00893621575,21485.618373644407,21485.618373644407
227,38791.12812143265,38791.12812143265,23454.36712507135,23454.36712507135
228,38905.716078945494,38905.716078945494,21002.201684681793,21002.201684681793
229,38438.754624179506,38438.754624179506,16215.644932577055,16215.644932577055
230,38663.30007223887,38663.30007223887,22497.17782801798,22497.17782801798
231,38578.64123590896,38578.64123590896,15756.817875552939,15756.817875552939
232,38343.71733643693,38343.71733643693,15306.236412849601,15306.236412849601
233,38593.33940229024,38593.33940229024,25935.24759649686,25935.24759649686
234,38191.32136486872,38191.32136486872,19062.910521903537,19062.910521903537
235,38590.68157373716,38590.68157373716,21511.348396475456,21511.348396475456
236,38106.27379869435,38106.27379869435,17208.39446882135,17208.39446882135
237,38183.13778449629,38183.13778449629,15368.360926797945,15368.360926797945
238,38340.35025149829,38340.35025149829,15641.403335919664,15641.403335919664
239,38221.619341288526,38221.619341288526,17546.457942039455,17546.457942039455
240,38035.86061911387,38035.86061911387,19595.418156035958,19595.418156035958
241,38165.47868953339,38165.47868953339,16562.512918271976,16562.512918271976
242,37906.41077161815,37906.41077161815,17763.50491625642,17763.50491625642
243,37741.780429509134,37741.780429509134,18009.77738165311,18009.77738165311
244,37576.73783979024,37576.73783979024,19384.98933361872,19384.98933361872
245,38188.13579569777,38188.13579569777,14251.351772081907,14251.351772081907
246,37512.328784960046,37512.328784960046,17814.773932470034,17814.773932470034
247,37580.86515410959,37580.86515410959,17207.201662385844,17207.201662385844
248,37387.87375142694,37387.87375142694,20649.957267587044,20649.957267587044
249,37144.06108643693,37144.06108643693,16477.30949004709,16477.30949004709
250,37064.22386469036,37064.22386469036,17526.93803064355,17526.93803064355
251,37128.55537421518,37128.55537421518,14523.635265054223,14523.635265054223
252,37229.96907998002,37229.96907998002,17761.942333761417,17761.942333761417
253,37086.730049586185,37086.730049586185,16421.645171143693,16421.645171143693
254,36873.58123751427,36873.58123751427,18536.26119702483,18536.26119702483
255,37059.40799800228,37059.40799800228,23755.006430151258,23755.006430151258
256,36601.683794413526,36601.683794413526,22199.020677261702,22199.020677261702
257,36842.20459207334,36842.20459207334,15941.001101419806,15941.001101419806
258,36564.711539490585,36564.711539490585,19139.495988959046,19139.495988959046
259,36396.455394727454,36396.455394727454,16444.67485150899,16444.67485150899
260,36406.11017765411,36406.11017765411,16852.75027646975,16852.75027646975
261,36192.42588381136,36192.42588381136,18410.11664793807,18410.11664793807
262,35888.86970694207,35888.86970694207,14557.750588613013,14557.750588613013
263,35894.52533711473,35894.52533711473,17639.37012164669,17639.37012164669
264,35349.07428563784,35349.07428563784,18917.039069188784,18917.039069188784
265,35255.06720890411,35255.06720890411,17103.366536458332,17103.366536458332
266,35397.572479666094,35397.572479666094,28469.74820740582,28469.74820740582
267,35280.09922142552,35280.09922142552,16815.78187428653,16815.78187428653
268,34670.611528788526,34670.611528788526,15649.776050585046,15649.776050585046
269,34846.145811037386,34846.145811037386,20601.399293664384,20601.399293664384
270,34371.09256831478,34371.09256831478,15747.14008989726,15747.14008989726
271,34143.39594927226,34143.39594927226,19244.66211383419,19244.66211383419
272,34029.507072274544,34029.507072274544,22118.49216966324,22118.49216966324
273,33962.90099707477,33962.90099707477,16047.604206799371,16047.604206799371
274,33388.59573879852,33388.59573879852,18200.981512200342,18200.981512200342
275,33479.66482948059,33479.66482948059,20972.61539936501,20972.61539936501
276,32998.841114619005,32998.841114619005,17108.155971300657,17108.155971300657
277,32754.24646832192,32754.24646832192,17952.469320776258,17952.469320776258
278,32345.963974208047,32345.963974208047,22581.887704230878,22581.887704230878
279,32242.586945276827,32242.586945276827,18609.239476312785,18609.239476312785
280,32635.75344695348,32635.75344695348,16220.199002479309,16220.199002479309
281,31829.69308736444,31829.69308736444,17797.018556917094,17797.018556917094
282,32189.573621218606,32189.573621218606,17377.966324200912,17377.966324200912
283,31546.14647099743,31546.14647099743,18386.997449343606,18386.997449343606
284,31354.03302029823,31354.03302029823,19723.16940014983,19723.16940014983
285,30941.167991045946,30941.167991045946,17919.334818243435,17919.334818243435
286,31115.78712721176,31115.78712721176,15520.209156053796,15520.209156053796
287,30595.839656464042,30595.839656464042,16937.14634836972,16937.14634836972
288,30382.736446293522,30382.736446293522,19163.051280679225,19163.051280679225
289,30446.90447078339,30446.90447078339,15959.798600706335,15959.798600706335
290,30061.85244541952,30061.85244541952,16421.86244403717,16421.86244403717
291,29646.09267979452,29646.09267979452,14492.038101544664,14492.038101544664
292,29440.709465967466,29440.709465967466,16519.75746914241,16519.75746914241
293,29183.690648187785,29183.690648187785,17882.899653743934,17882.899653743934
294,29117.99171259632,29117.99171259632,17341.272552350885,17341.272552350885
295,29022.332686750855,29022.332686750855,17816.825999081408,17816.825999081408
296,28481.49824307934,28481.49824307934,18347.20074267801,18347.20074267801
297,28366.132981949202,28366.132981949202,16603.005406767265,16603.005406767265
298,28443.90635256136,28443.90635256136,17939.58683379709,17939.58683379709
299,27951.743770512272,27951.743770512272,16707.4326171875,16707.4326171875
300,28130.7109375,28130.7109375,16945.10290025685,16945.10290025685
301,27502.593522581337,27502.593522581337,17808.750176137986,17808.750176137986
302,28065.2461784746,28065.2461784746,15997.753279733875,15997.753279733875
303,26989.116358090752,26989.116358090752,16528.35521011701,16528.35521011701
304,27068.386785637842,27068.386785637842,17290.301648562356,17290.301648562356
305,26752.093123483875,26752.093123483875,21311.442971425513,21311.442971425513
306,27024.926191495433,27024.926191495433,17306.385528146406,17306.385528146406
307,26492.696538777112,26492.696538777112,16254.190951412671,16254.190951412671
308,26454.115194242295,26454.115194242295,16423.505279680365,16423.505279680365
309,26001.52565817637,26001.52565817637,16362.703368025828,16362.703368025828
310,26126.010162492865,26126.010162492865,16998.57910602169,16998.57910602169
311,26024.886984071774,26024.886984071774,16623.08353399686,16623.08353399686
312,25704.73890107734,25704.73890107734,20701.62625749144,20701.62625749144
313,25603.052154680365,25603.052154680365,17497.44851865725,17497.44851865725
314,25668.688846675228,25668.688846675228,17834.34539767052,17834.34539767052
315,25434.78339709974,25434.78339709974,18319.239634614012,18319.239634614012
316,25159.1756965254,25159.1756965254,17218.07055552583,17218.07055552583
317,25044.87882598459,25044.87882598459,17274.849658426083,17274.849658426083
318,24937.15677172517,24937.15677172517,20008.59391499001,20008.59391499001
319,25019.96635987443,25019.96635987443,14976.962186073059,14976.962186073059
320,24547.459185038526,24547.459185038526,15456.407157445063,15456.407157445063
321,24470.244294467037,24470.244294467037,15997.787084849459,15997.787084849459
322,24777.38707994435,24777.38707994435,15437.962723405393,15437.962723405393
323,24238.487295769122,24238.487295769122,16413.884255047804,16413.884255047804
324,24230.338031089468,24230.338031089468,15259.253674372147,15259.253674372147
325,23994.16943359375,23994.16943359375,14626.243890910388,14626.243890910388
326,23965.315144299373,23965.315144299373,15988.249547392266,15988.249547392266
327,23755.019045198344,23755.019045198344,16196.060397492152,16196.060397492152
328,23613.97089487015,23613.97089487015,16418.21511130137,16418.21511130137
329,23831.761290667808,23831.761290667808,14978.543182791096,14978.543182791096
330,23238.165852864582,23238.165852864582,14925.82688980451,14925.82688980451
331,23411.598490118435,23411.598490118435,16056.425857056222,16056.425857056222
332,23202.972778877713,23202.972778877713,14850.436349529109,14850.436349529109
333,23009.207590878283,23009.207590878283,14907.373265375285,14907.373265375285
334,22845.486185430935,22845.486185430935,15444.01153146404,15444.01153146404
335,22952.723779965752,22952.723779965752,16213.3361069492,16213.3361069492
336,22742.384123501713,22742.384123501713,13787.036424889413,13787.036424889413
337,22710.584887360874,22710.584887360874,14849.825605557933,14849.825605557933
338,22474.377548426797,22474.377548426797,14879.63130083476,14879.63130083476
339,22153.81040195134,22153.81040195134,15621.069402825342,15621.069402825342
340,22290.283515268264,22290.283515268264,14519.68351348459,14519.68351348459
341,22067.661351312785,22067.661351312785,15858.54927850314,15858.54927850314
342,22174.117932184647,22174.117932184647,15840.939841074487,15840.939841074487
343,21799.55285031393,21799.55285031393,14478.982644834476,14478.982644834476
344,21820.994350206907,21820.994350206907,15470.97132741153,15470.97132741153
345,21577.19912064783,21577.19912064783,15485.295795876142,15485.295795876142
346,21397.75894178974,21397.75894178974,16575.488250035673,16575.488250035673
347,21436.501415792667,21436.501415792667,14605.995679045376,14605.995679045376
348,21174.40670929652,21174.40670929652,14664.130627497147,14664.130627497147
349,21109.425298542737,21109.425298542737,15453.380257384419,15453.380257384419
350,21176.588474778826,21176.588474778826,15992.16352293807,15992.16352293807
351,20812.774449736015,20812.774449736015,17444.84844106735,17444.84844106735
352,20678.911302261702,20678.911302261702,16284.269803260559,16284.269803260559
353,21146.260976294947,21146.260976294947,14731.648985980308,14731.648985980308
354,20459.30930276113,20459.30930276113,14964.475006242865,14964.475006242865
355,20620.084789258704,20620.084789258704,15227.75817815354,15227.75817815354
356,20621.031914419236,20621.031914419236,13849.075213149257,13849.075213149257
357,20295.20009721033,20295.20009721033,13749.988860944635,13749.988860944635
358,20028.97234187714,20028.97234187714,15239.026398401826,15239.026398401826
359,20525.813028413955,20525.813028413955,15617.417054616153,15617.417054616153
360,20103.57045742366,20103.57045742366,15896.793285352454,15896.793285352454
361,19836.08276255708,19836.08276255708,14080.297432398687,14080.297432398687
362,20021.88939760809,20021.88939760809,14758.669614190925,14758.669614190925
363,19769.741021421945,19769.741021421945,14967.29243364726,14967.29243364726
364,19805.211292005566,19805.211292005566,14345.50799978596,14345.50799978596
365,19336.750987710475,19336.750987710475,14541.627746860731,14541.627746860731
366,19380.03862104024,19380.03862104024,15267.072051583904,15267.072051583904
367,20210.542533979024,20210.542533979024,13314.635898259132,13314.635898259132
368,19305.596474564783,19305.596474564783,14017.412263217038,14017.412263217038
369,19016.944661458332,19016.944661458332,13191.47496165097,13191.47496165097
370,19230.754630868294,19230.754630868294,12928.694937928081,12928.694937928081
371,18941.370140598247,18941.370140598247,13621.021239119578,13621.021239119578
372,18837.358507687644,18837.358507687644,14213.505190496575,14213.505190496575
373,18815.702271065213,18815.702271065213,13737.797173765697,13737.797173765697
374,18774.555507990866,18774.555507990866,13634.263422160388,13634.263422160388
375,18593.001438088613,18593.001438088613,16845.90330247574,16845.90330247574
376,18485.707704587614,18485.707704587614,13346.419038955479,13346.419038955479
377,18313.56118007991,18313.56118007991,13310.950525292523,13310.950525292523
378,18498.024084082477,18498.024084082477,12236.973962792523,12236.973962792523
379,18178.159429402112,18178.159429402112,14508.719766695205,14508.719766695205
380,18162.96218607306,18162.96218607306,13709.044614190925,13709.044614190925
381,18143.05943430722,18143.05943430722,12869.149329337899,12869.149329337899
382,17807.316386183647,17807.316386183647,14917.121388056506,14917.121388056506
383,17969.546395637128,17969.546395637128,14092.273584653254,14092.273584653254
384,17781.749476045235,17781.749476045235,12367.097580443778,12367.097580443778
385,17759.11780286815,17759.11780286815,14498.628866117295,14498.628866117295
386,17786.39173310859,17786.39173310859,12777.025555615011,12777.025555615011
387,17373.890732020547,17373.890732020547,13037.861649186643,13037.861649186643
388,17395.120170697774,17395.120170697774,12107.879033336902,12107.879033336902
389,17346.698324682508,17346.698324682508,12378.195316959189,12378.195316959189
390,17215.27649873359,17215.27649873359,12078.475465539384,12078.475465539384
391,17144.089524917952,17144.089524917952,12731.752180543665,12731.752180543665
392,16909.579859624715,16909.579859624715,13439.228002818209,13439.228002818209
393,16946.157382634134,16946.157382634134,12578.74644156678,12578.74644156678
394,16807.64844195919,16807.64844195919,12580.454320062785,12580.454320062785
395,16839.003420198344,16839.003420198344,13011.167157177511,13011.167157177511
396,16628.742864182008,16628.742864182008,11802.03515625,11802.03515625
397,16534.029856503283,16534.029856503283,13097.415177297375,13097.415177297375
398,16644.757250642124,16644.757250642124,12335.280157498573,12335.280157498573
399,16480.02894013984,16480.02894013984,11971.328430454481,11971.328430454481
400,16222.336352204624,16222.336352204624,12270.027722781108,12270.027722781108
401,16351.994776059504,16351.994776059504,13064.219869256563,13064.219869256563
402,16081.177613976884,16081.177613976884,13097.333404680365,13097.333404680365
403,16092.98707949843,16092.98707949843,11740.461113637984,11740.461113637984
404,15981.463552814641,15981.463552814641,10811.030527611301,10811.030527611301
405,15867.014476758704,15867.014476758704,11240.623885202625,11240.623885202625
406,15672.112326983448,15672.112326983448,13113.80806310645,13113.80806310645
407,15831.56905946775,15831.56905946775,13128.704422624143,13128.704422624143
408,15548.354090860445,15548.354090860445,12365.20680606093,12365.20680606093
409,15541.274174381064,15541.274174381064,11350.696523169949,11350.696523169949
410,15416.025388395405,15416.025388395405,11512.632359892266,11512.632359892266
411,15560.70301909425,15560.70301909425,12319.596224850171,12319.596224850171
412,15445.946652486444,15445.946652486444,12784.337480379567,12784.337480379567
413,15298.02668601955,15298.02668601955,12183.658314604738,12183.658314604738
414,15180.406116224314,15180.406116224314,12404.435622681222,12404.435622681222
415,15039.642185716324,15039.642185716324,12383.942971425513,12383.942971425513
416,14964.327045876142,14964.327045876142,12565.04207245291,12565.04207245291
417,15073.781180882563,15073.781180882563,12440.80229737443,12440.80229737443
418,14859.135914981092,14859.135914981092,13158.933170126998,13158.933170126998
419,14972.984557826769,14972.984557826769,12880.158274472033,12880.158274472033
420,14842.401556703053,14842.401556703053,11130.836111408391,11130.836111408391
421,14834.101971630636,14834.101971630636,10748.517375231879,10748.517375231879
422,14817.098695241153,14817.098695241153,12405.334051262842,12405.334051262842
423,14697.7432064248,14697.7432064248,12656.652762913813,12656.652762913813
424,14456.142582584189,14456.142582584189,11705.595437803226,11705.595437803226
425,14298.793073540954,14298.793073540954,11100.81983313713,11100.81983313713
426,14417.26728939248,14417.26728939248,11263.984794163813,11263.984794163813
427,14375.524565674943,14375.524565674943,11753.456221907107,11753.456221907107
428,14044.342582807149,14044.342582807149,12141.083435894692,12141.083435894692
429,13969.097714219464,13969.097714219464,11058.919910727027,11058.919910727027
430,14043.410681319563,14043.410681319563,11342.752100278254,11342.752100278254
431,13887.16924742259,13887.16924742259,11724.795182737585,11724.795182737585
432,13897.320275711687,13897.320275711687,11513.167607555652,11513.167607555652
433,13865.66503014412,13865.66503014412,12594.021506670948,12594.021506670948
434,13700.887761085545,13700.887761085545,10376.954638894835,10376.954638894835
435,13746.364510871505,13746.364510871505,14311.890932684075,14311.890932684075
436,13936.489353685074,13936.489353685074,10114.770739690353,10114.770739690353
437,13650.573306845748,13650.573306845748,10691.245491759419,10691.245491759419
438,13502.324213176013,13502.324213176013,10415.495893086472,10415.495893086472
439,13562.550517043022,13562.550517043022,10358.750283158533,10358.750283158533
440,13434.979599208047,13434.979599208047,11368.180735409533,11368.180735409533
441,13604.00999081407,13604.00999081407,10768.094129031108,10768.094129031108
442,13331.625605334973,13331.625605334973,11087.77854550157,11087.77854550157
443,13402.745308932648,13402.745308932648,10666.942770761987,10666.942770761987
444,13261.411430463399,13261.411430463399,10958.865956763699,10958.865956763699
445,13015.230356155465,13015.230356155465,11227.339560591467,11227.339560591467
446,13198.910909853024,13198.910909853024,10196.681069848744,10196.681069848744
447,13262.909147358376,13262.909147358376,12933.59125731307,12933.59125731307
448,12982.687939230165,12982.687939230165,12587.315831014555,12587.315831014555
449,12949.40439386237,12949.40439386237,11901.057991759419,11901.057991759419
450,12803.522233518835,12803.522233518835,12370.836811501142,12370.836811501142
451,13041.56906058255,13041.56906058255,11495.551942868864,11495.551942868864
452,12744.059988361516,12744.059988361516,10365.127497146119,10365.127497146119
453,12881.510991902112,12881.510991902112,10419.663337881706,10419.663337881706
454,12620.929366438357,12620.929366438357,9839.166833886273,9839.166833886273
455,12666.148007188214,12666.148007188214,11618.440443065068,11618.440443065068
456,12832.688023954766,12832.688023954766,11112.542937535674,11112.542937535674
457,12443.174978595891,12443.174978595891,11516.446512021976,11516.446512021976
458,12602.776650346033,12602.776650346033,9736.146016160103,9736.146016160103
459,12405.786891989512,12405.786891989512,8478.540172838186,8478.540172838186
460,12408.53473597139,12408.53473597139,9556.10906508633,9556.10906508633
461,12391.759849234802,12391.759849234802,9387.314944750642,9387.314944750642
462,12445.244593232734,12445.244593232734,10543.028289098174,10543.028289098174
463,12446.76484798623,12446.76484798623,9276.567959162743,9276.567959162743
464,12236.811156669164,12236.811156669164,10229.91383731093,10229.91383731093
465,12411.20003812607,12411.20003812607,10491.137314051797,10491.137314051797
466,12295.853591431222,12295.853591431222,9497.585510532606,9497.585510532606
467,12309.236108509916,12309.236108509916,10194.753309833404,10194.753309833404
468,12165.888726500072,12165.888726500072,9094.95752844963,9094.95752844963
469,12025.702684097638,12025.702684097638,10601.48987763984,10601.48987763984
470,12068.402218892694,12068.402218892694,9963.014830149472,9963.014830149472
471,12101.31093705408,12101.31093705408,12604.899605807648,12604.899605807648
472,12039.77077926566,12039.77077926566,10331.122005654252,10331.122005654252
473,12046.64239083904,12046.64239083904,12207.531383775686,12207.531383775686
474,12086.002038964398,12086.002038964398,10245.814336071277,10245.814336071277
475,11830.254100224744,11830.254100224744,11580.444714968608,11580.444714968608
476,11771.833085848317,11771.833085848317,10678.960681096603,10678.960681096603
477,11776.173466930652,11776.173466930652,8988.745048070063,8988.745048070063
478,12026.239186465467,12026.239186465467,10439.141880261843,10439.141880261843
479,11807.754397318244,11807.754397318244,8754.92703428225,8754.92703428225
480,11771.957364574415,11771.957364574415,11445.872326715897,11445.872326715897
481,11696.74429725403,11696.74429725403,10245.4902767373,10245.4902767373
482,11547.806319005958,11547.806319005958,9634.504198326913,9634.504198326913
483,11660.553975144478,11660.553975144478,8498.997485017124,8498.997485017124
484,11414.811288215255,11414.811288215255,10100.009830283248,10100.009830283248
485,11369.848699700342,11369.848699700342,8796.810400836544,8796.810400836544
486,11392.658947809647,11392.658947809647,9552.490571043807,9552.490571043807
487,11476.173048324237,11476.173048324237,10125.750762521404,10125.750762521404
488,11400.165574722638,11400.165574722638,8225.610853221318,8225.610853221318
489,11259.088843776755,11259.088843776755,9924.9794498252,9924.9794498252
490,11306.902056132278,11306.902056132278,10300.137967323059,10300.137967323059
491,11402.340733358305,11402.340733358305,7387.752860570063,7387.752860570063
492,11258.33399329338,11258.33399329338,7677.450116161886,7677.450116161886
493,11081.08121633312,11081.08121633312,7698.929790061358,7698.929790061358
494,11088.406499714612,11088.406499714612,7794.288122725813,7794.288122725813
495,11398.50221175799,11398.50221175799,7987.064785334617,7987.064785334617
496,11284.795815942494,11284.795815942494,11410.952103845604,11410.952103845604
497,11015.967313026184,11015.967313026184,8621.443094053226,8621.443094053226
498,11113.207041283176,11113.207041283176,8032.225906999144,8032.225906999144
499,11177.108618052584,11177.108618052584,8549.915955425942,8549.915955425942
