epoch,loss,mean_squared_error,val_loss,val_mean_squared_error
0,73299.21655607877,73299.21655607877,70928.71633133561,70928.71633133561
1,72870.8775791952,72870.8775791952,70548.03931934932,70548.03931934932
2,72430.00721318493,72430.00721318493,70140.02549229452,70140.02549229452
3,71951.71487585617,71951.71487585617,69811.04069991439,69811.04069991439
4,71482.59875856164,71482.59875856164,69245.23921232877,69245.23921232877
5,70972.8880458048,70972.8880458048,68764.65109160959,68764.65109160959
6,70404.49033604452,70404.49033604452,68550.48223458904,68550.48223458904
7,69935.05894691781,69935.05894691781,67592.48556292808,67592.48556292808
8,69375.5466395548,69375.5466395548,67079.94081763699,67079.94081763699
9,68820.34057148972,68820.34057148972,66578.92495719178,66578.92495719178
10,68251.62016267123,68251.62016267123,65813.89647902397,65813.89647902397
11,67713.35233304795,67713.35233304795,65492.85589683219,65492.85589683219
12,67135.52297731164,67135.52297731164,65057.19396404109,65057.19396404109
13,66587.20578981165,66587.20578981165,64291.384385702055,64291.384385702055
14,66018.23031892124,66018.23031892124,64503.43144263699,64503.43144263699
15,65488.65791952055,65488.65791952055,64100.25226883562,64100.25226883562
16,64999.1637307363,64999.1637307363,62975.51434075343,62975.51434075343
17,64487.678189212325,64487.678189212325,62948.2395119863,62948.2395119863
18,64043.94189854452,64043.94189854452,62878.99469178082,62878.99469178082
19,63594.4766802226,63594.4766802226,62327.641598886985,62327.641598886985
20,63181.06167594178,63181.06167594178,61940.291352739725,61940.291352739725
21,62805.01095355308,62805.01095355308,61439.93160316781,61439.93160316781
22,62468.80529751712,62468.80529751712,61554.43665453767,61554.43665453767
23,62127.48394691781,62127.48394691781,61287.91956335616,61287.91956335616
24,61823.19971104452,61823.19971104452,61184.1293557363,61184.1293557363
25,61531.68392016267,61531.68392016267,61026.35841181507,61026.35841181507
26,61220.902161815065,61220.902161815065,61406.782983732875,61406.782983732875
27,60971.40716502569,60971.40716502569,60669.226391267126,60669.226391267126
28,60672.70001605308,60672.70001605308,60482.48875214041,60482.48875214041
29,60415.50194242295,60415.50194242295,60586.587671232875,60586.587671232875
30,60157.05971746575,60157.05971746575,60384.97158604452,60384.97158604452
31,59894.42577054795,59894.42577054795,61282.495997431506,61282.495997431506
32,59640.89488441781,59640.89488441781,60292.58273758562,60292.58273758562
33,59388.99505565069,59388.99505565069,60002.798095034246,60002.798095034246
34,59080.131239297945,59080.131239297945,59904.091973458904,59904.091973458904
35,58827.250979238015,58827.250979238015,59322.906035958906,59322.906035958906
36,58582.51434075343,58582.51434075343,59700.969852311646,59700.969852311646
37,58290.53148009418,58290.53148009418,59345.83112157534,59345.83112157534
38,57979.626487585614,57979.626487585614,59011.095194777394,59011.095194777394
39,57709.11402504281,57709.11402504281,58819.74899400685,58819.74899400685
40,57402.632470034245,57402.632470034245,58522.97213184932,58522.97213184932
41,57101.35577910959,57101.35577910959,58297.78709332192,58297.78709332192
42,56791.800395976024,56791.800395976024,58002.10094178082,58002.10094178082
43,56461.32274186644,56461.32274186644,58039.18621575343,58039.18621575343
44,56122.67175192637,56122.67175192637,57370.35057791096,57370.35057791096
45,55760.70431827911,55760.70431827911,58064.27737585617,58064.27737585617
46,55452.88961900685,55452.88961900685,57342.83785316781,57342.83785316781
47,55111.53352953767,55111.53352953767,56965.52502140411,56965.52502140411
48,54744.89990368151,54744.89990368151,56691.804302226024,56691.804302226024
49,54436.00070098459,54436.00070098459,56284.0357234589,56284.0357234589
50,54064.608197773974,54064.608197773974,56327.91258561644,56327.91258561644
51,53713.799373929796,53713.799373929796,55688.80006421233,55688.80006421233
52,53340.77281142979,53340.77281142979,55912.114137414384,55912.114137414384
53,52958.32083154966,52958.32083154966,55648.71002782534,55648.71002782534
54,52575.970836900684,52575.970836900684,55183.508272688356,55183.508272688356
55,52242.343568065065,52242.343568065065,54793.166523972606,54793.166523972606
56,51835.04465432363,51835.04465432363,54257.53754280822,54257.53754280822
57,51472.00901648116,51472.00901648116,54270.791470462325,54270.791470462325
58,51087.184492722605,51087.184492722605,53739.80203339041,53739.80203339041
59,50713.00765196918,50713.00765196918,53547.636023116436,53547.636023116436
60,50335.66808112158,50335.66808112158,53136.70265410959,53136.70265410959
61,49968.32403146404,49968.32403146404,52864.218172089044,52864.218172089044
62,49565.79164169521,49565.79164169521,52516.63878424658,52516.63878424658
63,49266.24405500856,49266.24405500856,52246.54997859589,52246.54997859589
64,48910.19037350171,48910.19037350171,51929.998303724315,51929.998303724315
65,48567.34712114726,48567.34712114726,51608.93339041096,51608.93339041096
66,48225.81247859589,48225.81247859589,51559.11324914383,51559.11324914383
67,47916.12634310788,47916.12634310788,51003.49212328767,51003.49212328767
68,47586.89440817637,47586.89440817637,50706.246270333904,50706.246270333904
69,47271.890726669524,47271.890726669524,50403.13604987157,50403.13604987157
70,47004.783417166094,47004.783417166094,50186.185766267125,50186.185766267125
71,46725.94143032962,46725.94143032962,49834.738703981166,49834.738703981166
72,46452.356999143834,46452.356999143834,49746.15815496576,49746.15815496576
73,46238.56637414383,46238.56637414383,49403.329660744865,49403.329660744865
74,46016.7777932363,46016.7777932363,49236.08153895548,49236.08153895548
75,45819.31461900685,45819.31461900685,48869.49342893835,48869.49342893835
76,45623.78137842466,45623.78137842466,48720.35874357877,48720.35874357877
77,45482.592139340755,45482.592139340755,48406.15992080479,48406.15992080479
78,45278.96667380137,45278.96667380137,48135.66670590753,48135.66670590753
79,45161.79833583048,45161.79833583048,48139.79008989726,48139.79008989726
80,45047.146222174655,45047.146222174655,48309.107165025685,48309.107165025685
81,44897.28782641267,44897.28782641267,47636.79903681507,47636.79903681507
82,44819.20567744007,44819.20567744007,47812.45939640411,47812.45939640411
83,44716.190983518834,44716.190983518834,47337.6438677226,47337.6438677226
84,44626.61079837329,44626.61079837329,47596.42703339041,47596.42703339041
85,44547.14521083048,44547.14521083048,47392.822731164386,47392.822731164386
86,44475.570178724316,44475.570178724316,47342.86454409247,47342.86454409247
87,44432.52910423801,44432.52910423801,47302.212590967465,47302.212590967465
88,44416.44622752569,44416.44622752569,46975.2462114726,46975.2462114726
89,44292.70578446062,44292.70578446062,47161.139180222606,47161.139180222606
90,44310.9853328339,44310.9853328339,46920.18315496575,46920.18315496575
91,44247.15707405822,44247.15707405822,47224.90453767123,47224.90453767123
92,44178.19724957192,44178.19724957192,46626.82429901541,46626.82429901541
93,44139.00070633562,44139.00070633562,46786.678991866436,46786.678991866436
94,44093.95515839041,44093.95515839041,46615.34274400685,46615.34274400685
95,44081.87783604452,44081.87783604452,46619.90444135274,46619.90444135274
96,44084.047249571915,44084.047249571915,46203.16323309075,46203.16323309075
97,44022.45814961473,44022.45814961473,46193.4571489726,46193.4571489726
98,44005.9015625,44005.9015625,46503.3060734161,46503.3060734161
99,43958.132561001716,43958.132561001716,46720.545499785956,46720.545499785956
100,43914.029473458904,43914.029473458904,46991.60218857021,46991.60218857021
101,43893.56641160103,43893.56641160103,45737.351300299655,45737.351300299655
102,43908.84726027397,43908.84726027397,46405.85349422089,46405.85349422089
103,43847.08420911815,43847.08420911815,45887.83464255137,45887.83464255137
104,43837.87239940069,43837.87239940069,46220.94605629281,46220.94605629281
105,43786.50979238014,43786.50979238014,46715.7973244863,46715.7973244863
106,43822.624657534245,43822.624657534245,46161.789319349315,46161.789319349315
107,43762.62554312928,43762.62554312928,46283.03781035959,46283.03781035959
108,43731.614292594175,43731.614292594175,45718.65367615582,45718.65367615582
109,43719.63997752569,43719.63997752569,46018.42533711473,46018.42533711473
110,43671.56311536815,43671.56311536815,46448.66620291096,46448.66620291096
111,43692.91782427226,43692.91782427226,45897.32444349315,45897.32444349315
112,43660.50799978596,43660.50799978596,46336.78635488014,46336.78635488014
113,43581.50845462329,43581.50845462329,46735.112382277395,46735.112382277395
114,43608.76387521404,43608.76387521404,46181.83879494863,46181.83879494863
115,43594.20596639555,43594.20596639555,45871.16159032534,45871.16159032534
116,43566.46759952911,43566.46759952911,45753.44984482021,45753.44984482021
117,43579.83149614726,43579.83149614726,45785.59305971747,45785.59305971747
118,43490.319809503424,43490.319809503424,45373.79393728596,45373.79393728596
119,43507.19663420377,43507.19663420377,46014.74713184931,46014.74713184931
120,43466.50062071918,43466.50062071918,47163.5944723887,47163.5944723887
121,43489.62628424657,43489.62628424657,45773.38270547945,45773.38270547945
122,43469.31712328767,43469.31712328767,45493.88680971746,45493.88680971746
123,43436.06629922945,43436.06629922945,45399.000856164384,45399.000856164384
124,43440.96945633562,43440.96945633562,45966.042829623286,45966.042829623286
125,43348.3311911387,43348.3311911387,45377.85634096747,45377.85634096747
126,43373.287508026544,43373.287508026544,45894.26696275685,45894.26696275685
127,43422.3820901113,43422.3820901113,45993.65421660959,45993.65421660959
128,43342.64716395548,43342.64716395548,45607.963265196915,45607.963265196915
129,43337.88444991438,43337.88444991438,45708.99721746575,45708.99721746575
130,43335.56002247432,43335.56002247432,46146.865930008564,46146.865930008564
131,43275.59398544521,43275.59398544521,45221.2600385274,45221.2600385274
132,43296.80109696062,43296.80109696062,45663.67006635274,45663.67006635274
133,43258.24729773116,43258.24729773116,45517.275775898976,45517.275775898976
134,43254.8082619863,43254.8082619863,45417.87810359589,45417.87810359589
135,43213.77049978596,43213.77049978596,45264.05557577055,45264.05557577055
136,43222.47243150685,43222.47243150685,46683.879719606164,46683.879719606164
137,43213.28448202055,43213.28448202055,45582.88556827911,45582.88556827911
138,43200.306736943494,43200.306736943494,45364.366727311644,45364.366727311644
139,43185.109069991435,43185.109069991435,44905.90355308219,44905.90355308219
140,43178.969295804796,43178.969295804796,46062.36357020548,46062.36357020548
141,43161.77023223459,43161.77023223459,45733.01693065069,45733.01693065069
142,43171.73362050514,43171.73362050514,45598.40031035959,45598.40031035959
143,43090.28928724315,43090.28928724315,45285.910546875,45285.910546875
144,43099.06372538528,43099.06372538528,45925.522929152394,45925.522929152394
145,43087.68478167808,43087.68478167808,46332.6613869863,46332.6613869863
146,43088.036087328765,43088.036087328765,46546.44882277397,46546.44882277397
147,43084.05939640411,43084.05939640411,45281.97432577055,45281.97432577055
148,43073.01023651541,43073.01023651541,45526.794825556506,45526.794825556506
149,43052.78046875,43052.78046875,45087.1774614726,45087.1774614726
150,43061.115780179796,43061.115780179796,45674.46651862158,45674.46651862158
151,43029.17848886986,43029.17848886986,44977.577985873286,44977.577985873286
152,43003.15166952055,43003.15166952055,45438.26178831336,45438.26178831336
153,43022.42673373288,43022.42673373288,45656.596553938354,45656.596553938354
154,43000.253611943495,43000.253611943495,45326.28426797945,45326.28426797945
155,42991.59411922089,42991.59411922089,45000.79719071062,45000.79719071062
156,42974.892877782535,42974.892877782535,46271.932138270546,46271.932138270546
157,42960.34139554795,42960.34139554795,45789.19631849315,45789.19631849315
158,42994.63591609589,42994.63591609589,45448.180789811646,45448.180789811646
159,42929.1396671661,42929.1396671661,45474.478210616435,45474.478210616435
160,42932.69512521404,42932.69512521404,45751.114656464044,45751.114656464044
161,42971.39081228596,42971.39081228596,45295.52820526541,45295.52820526541
162,42926.535215111304,42926.535215111304,45238.91879815925,45238.91879815925
163,42907.918824914384,42907.918824914384,45299.881282106166,45299.881282106166
164,42941.18260380993,42941.18260380993,45493.83790132705,45493.83790132705
165,42885.00820847603,42885.00820847603,45239.78799229452,45239.78799229452
166,42888.29148651541,42888.29148651541,45305.59852846747,45305.59852846747
167,42908.251739083906,42908.251739083906,46097.84057148972,46097.84057148972
168,42862.568744648976,42862.568744648976,45665.034257277395,45665.034257277395
169,42873.586948844175,42873.586948844175,45308.84215539384,45308.84215539384
170,42852.28396832192,42852.28396832192,44903.19078553082,44903.19078553082
171,42857.77395654966,42857.77395654966,45223.837676583906,45223.837676583906
172,42848.855372431506,42848.855372431506,46210.59202161815,46210.59202161815
173,42794.849234803085,42794.849234803085,45634.58426262842,45634.58426262842
174,42828.817219606164,42828.817219606164,45269.37114726027,45269.37114726027
175,42788.4154484161,42788.4154484161,45127.76675406678,45127.76675406678
176,42834.314233732875,42834.314233732875,45103.57555115582,45103.57555115582
177,42793.936691994866,42793.936691994866,45503.5475973887,45503.5475973887
178,42791.10761986301,42791.10761986301,45141.75268086472,45141.75268086472
179,42761.05305008562,42761.05305008562,45800.962473244865,45800.962473244865
180,42743.855211900685,42743.855211900685,45403.756164383565,45403.756164383565
181,42790.943418236304,42790.943418236304,45189.824315068494,45189.824315068494
182,42738.79346104452,42738.79346104452,45307.97000214041,45307.97000214041
183,42733.28083797089,42733.28083797089,45049.74608304795,45049.74608304795
184,42746.47843000856,42746.47843000856,45146.595879708904,45146.595879708904
185,42745.4246682363,42745.4246682363,45534.04883347603,45534.04883347603
186,42716.00824058219,42716.00824058219,44679.57101348459,44679.57101348459
187,42783.91281571062,42783.91281571062,45072.43642444349,45072.43642444349
188,42694.10416845034,42694.10416845034,44762.07739726028,44762.07739726028
189,42722.148892337325,42722.148892337325,44675.36084118151,44675.36084118151
190,42708.90452161815,42708.90452161815,45283.883508133564,45283.883508133564
191,42698.06052547089,42698.06052547089,44881.19874785959,44881.19874785959
192,42720.43518300514,42720.43518300514,45007.16880351027,45007.16880351027
193,42705.53611943493,42705.53611943493,45329.72911494007,45329.72911494007
194,42659.276492936646,42659.276492936646,45504.67590967466,45504.67590967466
195,42662.31676476884,42662.31676476884,45408.423565924655,45408.423565924655
196,42677.66593535959,42677.66593535959,44802.51331335616,44802.51331335616
197,42682.84805757705,42682.84805757705,45388.28782641267,45388.28782641267
198,42655.233914811644,42655.233914811644,45558.84495933219,45558.84495933219
199,42643.14069456336,42643.14069456336,44508.18615154109,44508.18615154109
200,42686.192214255134,42686.192214255134,44945.9344338613,44945.9344338613
201,42617.79748501712,42617.79748501712,44511.359877996576,44511.359877996576
202,42663.5973244863,42663.5973244863,44894.756442636986,44894.756442636986
203,42628.757352311644,42628.757352311644,44738.19662885274,44738.19662885274
204,42638.860397046235,42638.860397046235,45568.32092251712,45568.32092251712
205,42635.17516053082,42635.17516053082,45220.37615047089,45220.37615047089
206,42610.6290239726,42610.6290239726,45599.684369648974,45599.684369648974
207,42620.99691780822,42620.99691780822,45025.33792808219,45025.33792808219
208,42620.735744863014,42620.735744863014,46050.79070526541,46050.79070526541
209,42637.52324486301,42637.52324486301,44712.07117401541,44712.07117401541
210,42595.511140839044,42595.511140839044,45174.37183754281,45174.37183754281
211,42599.16034353596,42599.16034353596,44646.62961793665,44646.62961793665
212,42605.1068546661,42605.1068546661,44965.59012200342,44965.59012200342
213,42607.66408657962,42607.66408657962,45233.762221746576,45233.762221746576
214,42604.20096318493,42604.20096318493,45799.68302119007,45799.68302119007
215,42600.07489297945,42600.07489297945,45430.6766213613,45430.6766213613
216,42597.9765625,42597.9765625,44856.12755244007,44856.12755244007
217,42600.04323362585,42600.04323362585,45718.89043236301,45718.89043236301
218,42592.53730201199,42592.53730201199,44930.04921875,44930.04921875
219,42600.26075556507,42600.26075556507,45426.13930864726,45426.13930864726
220,42559.7935359589,42559.7935359589,44917.7571489726,44917.7571489726
221,42554.98027076199,42554.98027076199,45152.7918557363,45152.7918557363
222,42556.51681827911,42556.51681827911,45147.41110338185,45147.41110338185
223,42597.150813356166,42597.150813356166,44720.71567851027,44720.71567851027
224,42569.512976241436,42569.512976241436,44531.3951947774,44531.3951947774
225,42565.68235766267,42565.68235766267,44668.97615582192,44668.97615582192
226,42561.88218642979,42561.88218642979,44786.24979130993,44786.24979130993
227,42577.0901166524,42577.0901166524,45785.65241866438,45785.65241866438
228,42591.56137093322,42591.56137093322,44827.75832619863,44827.75832619863
229,42541.92549764555,42541.92549764555,45092.658743578766,45092.658743578766
230,42566.075235445205,42566.075235445205,45054.81659888699,45054.81659888699
231,42529.402247431506,42529.402247431506,45316.111750856166,45316.111750856166
232,42553.10719713185,42553.10719713185,46508.19570847603,46508.19570847603
233,42553.01230736302,42553.01230736302,45463.90215111301,45463.90215111301
234,42567.8566994863,42567.8566994863,45049.059605094175,45049.059605094175
235,42534.46651862158,42534.46651862158,44546.19754922945,44546.19754922945
236,42561.8829302226,42561.8829302226,45424.242481806505,45424.242481806505
237,42550.77220141267,42550.77220141267,45644.08450342466,45644.08450342466
238,42516.967653039384,42516.967653039384,44875.6568172089,44875.6568172089
239,42519.073913741435,42519.073913741435,45613.91584974315,45613.91584974315
240,42518.822404751714,42518.822404751714,44997.54480950342,44997.54480950342
241,42527.21970248288,42527.21970248288,45041.98178510274,45041.98178510274
242,42522.389565496575,42522.389565496575,44533.74042166096,44533.74042166096
243,42518.14580479452,42518.14580479452,45568.9059182363,45568.9059182363
244,42501.92979452055,42501.92979452055,45525.09215539384,45525.09215539384
245,42519.465860445205,42519.465860445205,45190.37913099315,45190.37913099315
246,42489.67664276541,42489.67664276541,45562.45698309076,45562.45698309076
247,42533.29469713185,42533.29469713185,45521.07809289383,45521.07809289383
248,42473.74446703767,42473.74446703767,45587.20729880137,45587.20729880137
249,42518.33429473459,42518.33429473459,45053.20349422089,45053.20349422089
250,42510.93553082192,42510.93553082192,45473.26721425514,45473.26721425514
251,42528.28715753424,42528.28715753424,45035.15996361301,45035.15996361301
252,42482.34130458048,42482.34130458048,44954.06242508562,44954.06242508562
253,42509.5281838613,42509.5281838613,45160.55023009418,45160.55023009418
254,42501.23995077055,42501.23995077055,45459.57379066781,45459.57379066781
255,42486.846441566784,42486.846441566784,45131.59977525685,45131.59977525685
256,42502.52162885274,42502.52162885274,44918.33538099315,44918.33538099315
257,42506.10650684931,42506.10650684931,45259.92445954623,45259.92445954623
258,42508.81142979452,42508.81142979452,45005.28708797089,45005.28708797089
259,42476.65825663527,42476.65825663527,46287.23408604452,46287.23408604452
260,42469.35791416952,42469.35791416952,44846.039399614725,44846.039399614725
261,42467.067936643834,42467.067936643834,44804.93870933219,44804.93870933219
262,42529.20526541096,42529.20526541096,45673.11399828767,45673.11399828767
263,42508.046580693495,42508.046580693495,45317.86566780822,45317.86566780822
264,42481.31728916952,42481.31728916952,46119.34530714897,46119.34530714897
265,42469.327670162675,42469.327670162675,45722.80517979452,45722.80517979452
266,42470.42451840753,42470.42451840753,45159.34838398972,45159.34838398972
267,42500.65682255993,42500.65682255993,45071.13780500856,45071.13780500856
268,42456.05851348459,42456.05851348459,45018.73345462329,45018.73345462329
269,42470.63392016267,42470.63392016267,45251.09436536815,45251.09436536815
270,42535.36072345891,42535.36072345891,44723.75330693493,44723.75330693493
271,42489.43144263699,42489.43144263699,45514.52020547945,45514.52020547945
272,42472.25391160103,42472.25391160103,45242.19423159247,45242.19423159247
273,42470.67323416096,42470.67323416096,45667.12192851027,45667.12192851027
274,42501.24872110445,42501.24872110445,45261.72178938356,45261.72178938356
275,42497.97882598459,42497.97882598459,45518.91050941781,45518.91050941781
276,42511.00841181507,42511.00841181507,45273.55149828767,45273.55149828767
277,42501.75321596747,42501.75321596747,46157.854013270546,46157.854013270546
278,42469.98591609589,42469.98591609589,45375.91205586473,45375.91205586473
279,42467.10421393408,42467.10421393408,45743.75828874144,45743.75828874144
280,42484.440512628425,42484.440512628425,44797.230297517126,44797.230297517126
281,42455.798523116435,42455.798523116435,45470.25143942637,45470.25143942637
282,42491.454494863014,42491.454494863014,45013.359877996576,45013.359877996576
283,42476.17654109589,42476.17654109589,44789.46999678938,44789.46999678938
284,42445.385059931505,42445.385059931505,44779.656945633564,44779.656945633564
285,42474.5029109589,42474.5029109589,45131.15044413527,45131.15044413527
286,42455.04974315069,42455.04974315069,45176.569921875,45176.569921875
287,42443.81301369863,42443.81301369863,45246.928745719175,45246.928745719175
288,42478.30858304795,42478.30858304795,45100.11530928938,45100.11530928938
289,42471.349513056506,42471.349513056506,45216.78144798801,45216.78144798801
290,42455.47395119863,42455.47395119863,45294.24625963185,45294.24625963185
291,42454.44562821062,42454.44562821062,45196.83141053082,45196.83141053082
292,42446.06584439212,42446.06584439212,44862.73457298801,44862.73457298801
293,42453.082924871575,42453.082924871575,45236.57793236301,45236.57793236301
294,42443.41150470891,42443.41150470891,45328.93618364726,45328.93618364726
295,42442.051712328765,42442.051712328765,44888.008117508565,44888.008117508565
296,42495.65317851027,42495.65317851027,45065.88322452911,45065.88322452911
297,42419.10577910959,42419.10577910959,45762.673373287675,45762.673373287675
298,42478.93203125,42478.93203125,45584.543990796235,45584.543990796235
299,42469.807534246575,42469.807534246575,45362.07847816781,45362.07847816781
300,42461.155029965754,42461.155029965754,44903.37090646404,44903.37090646404
301,42455.46289597603,42455.46289597603,45332.26737478596,45332.26737478596
302,42419.707368364725,42419.707368364725,45752.8834760274,45752.8834760274
303,42478.02196061644,42478.02196061644,45051.73466395548,45051.73466395548
304,42467.092808219175,42467.092808219175,44706.73019049658,44706.73019049658
305,42442.831613869865,42442.831613869865,45494.130163741436,45494.130163741436
306,42472.18291416952,42472.18291416952,45208.20722923801,45208.20722923801
307,42462.74709439212,42462.74709439212,45076.8689854452,45076.8689854452
308,42439.262735445205,42439.262735445205,44719.80587542808,44719.80587542808
309,42454.174561215754,42454.174561215754,45306.63828125,45306.63828125
310,42486.7418557363,42486.7418557363,44538.24430115582,44538.24430115582
311,42451.88461579623,42451.88461579623,46223.838827054795,46223.838827054795
312,42436.890491224316,42436.890491224316,45409.34529109589,45409.34529109589
313,42430.0328125,42430.0328125,44743.343648330476,44743.343648330476
314,42380.17790025685,42380.17790025685,44567.18213291952,44567.18213291952
315,42459.59119755993,42459.59119755993,45775.10077589897,45775.10077589897
316,42455.87702803938,42455.87702803938,44827.55373501712,44827.55373501712
317,42427.93060252569,42427.93060252569,44793.07550299657,44793.07550299657
318,42441.13266802226,42441.13266802226,45355.75644798802,45355.75644798802
319,42432.000294306505,42432.000294306505,45088.00027825342,45088.00027825342
320,42392.790202268836,42392.790202268836,44510.46125321062,44510.46125321062
321,42397.81094285103,42397.81094285103,45159.892155393834,45159.892155393834
322,42419.46164918665,42419.46164918665,45016.68057041952,45016.68057041952
323,42461.815908604454,42461.815908604454,45127.135225813356,45127.135225813356
324,42453.05740582192,42453.05740582192,44750.134257277394,44750.134257277394
325,42416.80591288528,42416.80591288528,45485.14968964041,45485.14968964041
326,42436.10292701198,42436.10292701198,44683.29747966609,44683.29747966609
327,42483.2173640839,42483.2173640839,45038.870751284245,45038.870751284245
328,42460.736151541096,42460.736151541096,44833.202151113015,44833.202151113015
329,42404.89285637842,42404.89285637842,44539.25948202055,44539.25948202055
330,42405.89136879281,42405.89136879281,45203.16662564212,45203.16662564212
331,42418.135070633565,42418.135070633565,44547.01258561644,44547.01258561644
332,42426.96315817637,42426.96315817637,45047.161975599316,45047.161975599316
333,42435.5141213613,42435.5141213613,44655.68741438356,44655.68741438356
334,42453.91075021404,42453.91075021404,44656.62024828767,44656.62024828767
335,42421.721248929796,42421.721248929796,44542.90699914384,44542.90699914384
336,42446.71739083904,42446.71739083904,44692.874737799655,44692.874737799655
337,42433.534139554795,42433.534139554795,45610.71058433219,45610.71058433219
338,42418.35753424658,42418.35753424658,44957.9840432363,44957.9840432363
339,42444.70637307363,42444.70637307363,45671.52153253424,45671.52153253424
340,42444.48544520548,42444.48544520548,45022.17136130137,45022.17136130137
341,42427.158984375,42427.158984375,44742.77231913527,44742.77231913527
342,42394.13943172089,42394.13943172089,45068.16489726027,45068.16489726027
343,42414.312922731166,42414.312922731166,45255.91969178082,45255.91969178082
344,42416.69990368151,42416.69990368151,45333.54090325342,45333.54090325342
345,42416.21313677226,42416.21313677226,45557.65871682363,45557.65871682363
346,42404.980639982874,42404.980639982874,45109.06731057363,45109.06731057363
347,42444.31125856165,42444.31125856165,44864.80065282534,44864.80065282534
348,42403.5975385274,42403.5975385274,46061.186001712325,46061.186001712325
349,42406.18005136986,42406.18005136986,45588.69470248288,45588.69470248288
350,42427.23889126712,42427.23889126712,45440.65130029966,45440.65130029966
351,42432.9000588613,42432.9000588613,44728.104098886986,44728.104098886986
352,42422.68994541952,42422.68994541952,45461.68729666096,45461.68729666096
353,42439.74043771404,42439.74043771404,44977.84965753424,44977.84965753424
354,42446.96631528254,42446.96631528254,45802.925235445204,45802.925235445204
355,42446.378365796234,42446.378365796234,45330.208882705476,45330.208882705476
356,42435.20582726884,42435.20582726884,44836.93015839041,44836.93015839041
357,42426.37671232877,42426.37671232877,45183.72501605308,45183.72501605308
358,42434.261253210614,42434.261253210614,44722.12757919521,44722.12757919521
359,42420.40908604452,42420.40908604452,45107.13740368151,45107.13740368151
360,42407.61649721747,42407.61649721747,44574.31575877569,44574.31575877569
361,42439.07178403254,42439.07178403254,45235.39979666096,45235.39979666096
362,42428.44661815069,42428.44661815069,44965.2784567637,44965.2784567637
363,42439.96193814212,42439.96193814212,44869.659102097605,44869.659102097605
364,42462.85486943493,42462.85486943493,45285.118562714044,45285.118562714044
365,42434.05334439212,42434.05334439212,45820.62387628425,45820.62387628425
366,42443.2027932363,42443.2027932363,45754.16792059076,45754.16792059076
367,42447.48032427226,42447.48032427226,44834.526803296234,44834.526803296234
368,42419.086317422945,42419.086317422945,45098.63607662671,45098.63607662671
369,42410.082213184935,42410.082213184935,44860.422329837325,44860.422329837325
370,42455.73719499144,42455.73719499144,44935.41214683219,44935.41214683219
371,42406.018311215754,42406.018311215754,45500.75124678938,45500.75124678938
372,42401.871195419524,42401.871195419524,44494.256442636986,44494.256442636986
373,42431.431335616435,42431.431335616435,45046.35589683219,45046.35589683219
374,42412.61644370719,42412.61644370719,45730.25728274829,45730.25728274829
375,42413.8970515839,42413.8970515839,44681.87369434931,44681.87369434931
376,42433.42253317637,42433.42253317637,45238.194814854454,45238.194814854454
377,42407.49502889555,42407.49502889555,45088.56619755993,45088.56619755993
378,42447.46858411815,42447.46858411815,45161.20576840753,45161.20576840753
379,42434.587949486304,42434.587949486304,45219.52997645548,45219.52997645548
380,42415.533508133565,42415.533508133565,45005.41876605308,45005.41876605308
381,42406.01440764127,42406.01440764127,45651.19606164384,45651.19606164384
382,42429.438714683216,42429.438714683216,45259.985873287675,45259.985873287675
383,42433.53873876284,42433.53873876284,45640.31245184076,45640.31245184076
384,42430.10515303938,42430.10515303938,46232.215946061646,46232.215946061646
385,42407.78256635274,42407.78256635274,44685.60077589897,44685.60077589897
386,42428.8512307363,42428.8512307363,44731.16922089041,44731.16922089041
387,42433.788639768834,42433.788639768834,45113.15452161815,45113.15452161815
388,42419.021016160106,42419.021016160106,44934.25254173802,44934.25254173802
389,42423.4328125,42423.4328125,45909.637890625,45909.637890625
390,42390.96623501712,42390.96623501712,46007.864217679795,46007.864217679795
391,42441.98676690925,42441.98676690925,45076.00217786815,45076.00217786815
392,42452.83126605308,42452.83126605308,44780.48240582192,44780.48240582192
393,42419.68211686644,42419.68211686644,45545.384947559935,45545.384947559935
394,42373.22913099315,42373.22913099315,45083.52711900685,45083.52711900685
395,42436.67184824486,42436.67184824486,45542.308764982874,45542.308764982874
396,42388.77224422089,42388.77224422089,47196.85589683219,47196.85589683219
397,42499.488575556505,42499.488575556505,45436.77674978596,45436.77674978596
398,42412.262302011986,42412.262302011986,45528.690828339044,45528.690828339044
399,42414.59395869007,42414.59395869007,45340.04523223459,45340.04523223459
400,42403.22372645548,42403.22372645548,45394.54180757706,45394.54180757706
401,42417.97205158391,42417.97205158391,46617.40555971747,46617.40555971747
402,42414.81940282534,42414.81940282534,45023.14533390411,45023.14533390411
403,42394.35566673801,42394.35566673801,44631.64395869007,44631.64395869007
404,42413.697731164386,42413.697731164386,44921.06801155822,44921.06801155822
405,42423.92744541952,42423.92744541952,45228.351904965755,45228.351904965755
406,42439.621398758565,42439.621398758565,45717.50128424657,45717.50128424657
407,42442.17905607877,42442.17905607877,45327.41725171233,45327.41725171233
408,42403.96046660959,42403.96046660959,44572.85745933219,44572.85745933219
409,42399.5515036387,42399.5515036387,45421.08354023973,45421.08354023973
410,42395.34330586473,42395.34330586473,46320.7843161387,46320.7843161387
411,42426.051840753425,42426.051840753425,45708.25498715753,45708.25498715753
412,42414.71186322774,42414.71186322774,45126.3064854452,45126.3064854452
413,42404.53925513699,42404.53925513699,44731.97306827911,44731.97306827911
414,42434.793268407535,42434.793268407535,44567.72041952055,44567.72041952055
415,42394.5559182363,42394.5559182363,44695.381078767125,44695.381078767125
416,42421.94732983733,42421.94732983733,45635.56710723459,45635.56710723459
417,42418.200069563354,42418.200069563354,44796.820531892125,44796.820531892125
418,42397.84255672089,42397.84255672089,44679.416320633565,44679.416320633565
419,42437.22568493151,42437.22568493151,45467.74116010274,45467.74116010274
420,42423.11435145548,42423.11435145548,45841.67252782534,45841.67252782534
421,42454.041154751714,42454.041154751714,45430.26367722603,45430.26367722603
422,42427.60127889555,42427.60127889555,45276.24014340754,45276.24014340754
423,42401.03771404109,42401.03771404109,45186.43450342466,45186.43450342466
424,42395.34954516267,42395.34954516267,46190.5676369863,46190.5676369863
425,42431.594129922945,42431.594129922945,44945.74207512842,44945.74207512842
426,42422.37738655822,42422.37738655822,44960.942861729454,44960.942861729454
427,42407.3089255137,42407.3089255137,45489.12815175514,45489.12815175514
428,42407.85463934075,42407.85463934075,45350.34185038527,45350.34185038527
429,42385.99691780822,42385.99691780822,45332.32608625856,45332.32608625856
430,42475.27498394692,42475.27498394692,45762.646141909245,45762.646141909245
431,42415.913286601026,42415.913286601026,45788.5512307363,45788.5512307363
432,42419.679227311644,42419.679227311644,45432.522618792806,45432.522618792806
433,42415.37040346747,42415.37040346747,45133.57288099315,45133.57288099315
434,42429.62221211473,42429.62221211473,45195.939110659245,45195.939110659245
435,42391.1774026113,42391.1774026113,46296.53420376712,46296.53420376712
436,42431.37514447774,42431.37514447774,45444.045430222606,45444.045430222606
437,42419.90677440068,42419.90677440068,45504.04683219178,45504.04683219178
438,42411.14824486301,42411.14824486301,44901.82090111302,44901.82090111302
439,42410.51529858733,42410.51529858733,45321.66119970034,45321.66119970034
440,42405.20371361302,42405.20371361302,45723.08012093322,45723.08012093322
441,42447.41418557363,42447.41418557363,45985.50900042808,45985.50900042808
442,42405.87787350171,42405.87787350171,44938.182577054795,44938.182577054795
443,42417.28911065924,42417.28911065924,45592.606276755134,45592.606276755134
444,42435.91488655822,42435.91488655822,45272.359476669524,45272.359476669524
445,42406.87197666952,42406.87197666952,45107.471479023974,45107.471479023974
446,42405.673095034246,42405.673095034246,45090.47915239726,45090.47915239726
447,42396.91871789384,42396.91871789384,44748.484589041094,44748.484589041094
448,42443.31075556507,42443.31075556507,45057.44595462329,45057.44595462329
449,42422.81408390411,42422.81408390411,44957.458245933216,44957.458245933216
450,42407.019145976024,42407.019145976024,45346.62825877569,45346.62825877569
451,42433.08777557791,42433.08777557791,44939.55739511986,44939.55739511986
452,42391.08087007706,42391.08087007706,44681.423453553085,44681.423453553085
453,42390.68329676798,42390.68329676798,44935.9249411387,44935.9249411387
454,42412.02319670377,42412.02319670377,45004.627247431505,45004.627247431505
455,42447.36016160103,42447.36016160103,44973.70335509418,44973.70335509418
456,42458.09985552226,42458.09985552226,45903.172126498284,45903.172126498284
457,42407.50159460616,42407.50159460616,45458.01889982877,45458.01889982877
458,42425.90465539384,42425.90465539384,45260.61877675514,45260.61877675514
459,42421.70727204623,42421.70727204623,45458.66345248288,45458.66345248288
460,42402.44504494863,42402.44504494863,44938.67841930651,44938.67841930651
461,42443.70845997432,42443.70845997432,45155.115694563356,45155.115694563356
462,42404.150486943494,42404.150486943494,45612.80445205479,45612.80445205479
463,42434.404120291096,42434.404120291096,45081.58995077055,45081.58995077055
464,42410.3013484589,42410.3013484589,44921.94639340753,44921.94639340753
465,42409.421580693495,42409.421580693495,45766.78110552226,45766.78110552226
466,42376.91095890411,42376.91095890411,45265.13931399829,45265.13931399829
467,42428.24043236301,42428.24043236301,45144.552001284246,45144.552001284246
468,42426.82908818493,42426.82908818493,45167.70798373288,45167.70798373288
469,42420.15833154966,42420.15833154966,44649.20096318493,44649.20096318493
470,42397.83863441781,42397.83863441781,45027.46066994863,45027.46066994863
471,42415.450037457194,42415.450037457194,45047.96563035103,45047.96563035103
472,42386.1622270976,42386.1622270976,45708.857930222606,45708.857930222606
473,42425.50433968322,42425.50433968322,45018.287687285956,45018.287687285956
474,42415.54102097603,42415.54102097603,45068.00521725171,45068.00521725171
475,42425.44812714041,42425.44812714041,44999.84315068493,44999.84315068493
476,42368.589450449486,42368.589450449486,45878.75419520548,45878.75419520548
477,42453.102102953766,42453.102102953766,45010.80713291952,45010.80713291952
478,42417.968931934935,42417.968931934935,45892.92138270548,45892.92138270548
479,42398.88301048801,42398.88301048801,45453.95250963185,45453.95250963185
480,42418.3850973887,42418.3850973887,44921.68481913528,44921.68481913528
481,42390.90779644692,42390.90779644692,45245.08051155822,45245.08051155822
482,42410.43758561644,42410.43758561644,45415.83766588185,45415.83766588185
483,42431.49098886986,42431.49098886986,44897.36133347603,44897.36133347603
484,42436.72991224315,42436.72991224315,44862.40881849315,44862.40881849315
485,42451.9471479024,42451.9471479024,45474.55460188356,45474.55460188356
486,42413.91482234589,42413.91482234589,44841.94853381849,44841.94853381849
487,42405.65249357877,42405.65249357877,45357.805538313354,45357.805538313354
488,42424.675915025684,42424.675915025684,44902.06804366438,44902.06804366438
489,42415.09178082192,42415.09178082192,45913.17916309932,45913.17916309932
490,42403.128360445204,42403.128360445204,46449.42976241438,46449.42976241438
491,42431.39820205479,42431.39820205479,45929.23700235445,45929.23700235445
492,42432.66498822774,42432.66498822774,44765.70410958904,44765.70410958904
493,42397.61606913527,42397.61606913527,45480.09618471746,45480.09618471746
494,42411.088666523974,42411.088666523974,44928.63429473459,44928.63429473459
495,42401.336199700345,42401.336199700345,45495.72326626712,45495.72326626712
496,42419.07852632705,42419.07852632705,45597.69805757706,45597.69805757706
497,42435.4347067637,42435.4347067637,44916.535611087325,44916.535611087325
498,42415.33596425514,42415.33596425514,44736.17195526541,44736.17195526541
499,42418.89912778253,42418.89912778253,45750.3621682363,45750.3621682363
