epoch,loss,mean_squared_error,val_loss,val_mean_squared_error
0,108772.41018543742,108772.41018543742,76410.15427498444,76410.15427498444
1,72240.12800630448,72240.12800630448,69384.01419481631,69384.01419481631
2,62896.27248404421,62896.27248404421,71209.67860756538,71209.67860756538
3,56723.36686643836,56723.36686643836,55634.04815924657,55634.04815924657
4,49709.8325225716,49709.8325225716,48910.66408925514,48910.66408925514
5,44640.37239259029,44640.37239259029,46989.2501970151,46989.2501970151
6,43082.75437811333,43082.75437811333,45333.95881046661,45333.95881046661
7,41545.11045007005,41545.11045007005,45349.30378147377,45349.30378147377
8,41002.080866185395,41002.080866185395,41987.33257243345,41987.33257243345
9,40086.931268485365,40086.931268485365,44837.072361700266,44837.072361700266
10,39649.513309464506,39649.513309464506,41195.061309396406,41195.061309396406
11,39374.37917380137,39374.37917380137,41050.97720340714,41050.97720340714
12,39195.87066080324,39195.87066080324,40693.35849086434,40693.35849086434
13,39315.30325001946,39315.30325001946,41985.842503453845,41985.842503453845
14,39179.911068356945,39179.911068356945,41297.62760862586,41297.62760862586
15,39213.09562285959,39213.09562285959,41627.21386597136,41627.21386597136
16,39179.2292866594,39179.2292866594,40789.50000486457,40789.50000486457
17,39189.630613714195,39189.630613714195,40697.33390897416,40697.33390897416
18,39127.315494143055,39127.315494143055,40606.23206919365,40606.23206919365
19,38661.605016344954,38661.605016344954,41463.483087105,41463.483087105
20,39089.415560787675,39089.415560787675,45958.804417516345,45958.804417516345
21,38946.17982370797,38946.17982370797,40947.027313346436,40947.027313346436
22,39246.6305966882,39246.6305966882,40843.96012146832,40843.96012146832
23,39173.839187033,39173.839187033,40108.2064487177,40108.2064487177
24,38703.41147454857,38703.41147454857,40141.45306540901,40141.45306540901
25,38994.9943376401,38994.9943376401,40011.949740475175,40011.949740475175
26,38708.172867372356,38708.172867372356,44197.49594416446,44197.49594416446
27,38627.11432713263,38627.11432713263,39851.04839639438,39851.04839639438
28,38866.43191547322,38866.43191547322,45354.81205367567,45354.81205367567
29,38670.87540132705,38670.87540132705,40782.22887073864,40782.22887073864
30,38808.343939718245,38808.343939718245,43826.433014866125,43826.433014866125
31,38885.180003697074,38885.180003697074,40294.71000471863,40294.71000471863
32,38239.730439562576,38239.730439562576,43623.59790555923,43623.59790555923
33,38590.983620991596,38590.983620991596,39753.240573678784,39753.240573678784
34,38478.34153905277,38478.34153905277,40248.471434026695,40248.471434026695
35,37979.47106067092,37979.47106067092,45008.19524317987,45008.19524317987
36,38613.44185622276,38613.44185622276,44362.19752952794,44362.19752952794
37,38036.04402922634,38036.04402922634,41331.33521389516,41331.33521389516
38,37773.2372791485,37773.2372791485,38810.5345566917,38810.5345566917
39,37984.432990543275,37984.432990543275,39421.98363680145,39421.98363680145
40,38131.81807479764,38131.81807479764,40461.7168540337,40461.7168540337
41,38159.87773388854,38159.87773388854,42331.4317233227,42331.4317233227
42,37924.61757666563,37924.61757666563,38997.3649802012,38997.3649802012
43,38102.16797361457,38102.16797361457,39873.25442067831,39873.25442067831
44,37882.15483441002,37882.15483441002,38671.66729135858,38671.66729135858
45,38016.707381499065,38016.707381499065,39354.68925732604,39354.68925732604
46,37873.40692617528,37873.40692617528,38436.05256168275,38436.05256168275
47,37751.98009904265,37751.98009904265,41448.842582503115,41448.842582503115
48,38060.275191177614,38060.275191177614,40127.59969815341,40127.59969815341
49,37842.897133795144,37842.897133795144,39411.762909353594,39411.762909353594
50,37538.697798295456,37538.697798295456,41230.07398038605,41230.07398038605
51,37999.27745077055,37999.27745077055,42807.45518514555,42807.45518514555
52,38298.43888640255,38298.43888640255,38683.718973770236,38683.718973770236
53,38179.26405374378,38179.26405374378,39695.12029960889,39695.12029960889
54,37828.64058851572,37828.64058851572,41459.44762438707,41459.44762438707
55,38148.142974587485,38148.142974587485,41553.27327818532,41553.27327818532
56,38179.709701899126,38179.709701899126,46354.819699564134,46354.819699564134
57,37690.86009495641,37690.86009495641,38605.82895440925,38605.82895440925
58,37505.08988753113,37505.08988753113,38026.282314124765,38026.282314124765
59,37798.83623423879,37798.83623423879,39632.89879869435,39632.89879869435
60,37647.19837961161,37647.19837961161,39462.534690467386,39462.534690467386
61,37432.11388932129,37432.11388932129,38725.53892629203,38725.53892629203
62,37562.35978848848,37562.35978848848,42213.23089075148,42213.23089075148
63,36977.13523505604,36977.13523505604,39574.77367221552,39574.77367221552
64,37536.212484433374,37536.212484433374,42283.56627004203,42283.56627004203
65,37438.92168041719,37438.92168041719,38485.95875209176,38485.95875209176
66,37274.29242878269,37274.29242878269,40107.31732930223,40107.31732930223
67,37342.05786163216,37342.05786163216,38974.05400646015,38974.05400646015
68,37734.45106728674,37734.45106728674,38469.40421782573,38469.40421782573
69,37928.56521443026,37928.56521443026,38070.707808365114,38070.707808365114
70,37249.80487965053,37249.80487965053,37914.62253244669,37914.62253244669
71,37000.39325430028,37000.39325430028,38475.77248282807,38475.77248282807
72,37428.694283643366,37428.694283643366,38552.64236043548,38552.64236043548
73,37076.87803549191,37076.87803549191,39441.86558705635,39441.86558705635
74,37121.9650237391,37121.9650237391,39101.43218910531,39101.43218910531
75,37359.198374747044,37359.198374747044,39324.0841643641,39324.0841643641
76,37047.13861593244,37047.13861593244,38001.25259646443,38001.25259646443
77,36808.32531327833,36808.32531327833,40976.64637613831,40976.64637613831
78,37775.2586175864,37775.2586175864,40696.85258892435,40696.85258892435
79,37265.47056691703,37265.47056691703,44899.19581841532,44899.19581841532
80,37263.98077035336,37263.98077035336,39130.04366864006,39130.04366864006
81,37476.923178704856,37476.923178704856,38437.1513586745,38437.1513586745
82,36904.713182499225,36904.713182499225,40814.511829418974,40814.511829418974
83,36847.9391417925,36847.9391417925,39606.07061775179,39606.07061775179
84,37171.71814922556,37171.71814922556,40233.673967373325,40233.673967373325
85,36601.18617683686,36601.18617683686,38676.27583573319,38676.27583573319
86,36877.67779031756,36877.67779031756,37471.27412462056,37471.27412462056
87,36740.64046203689,36740.64046203689,40295.49441851358,40295.49441851358
88,37598.94080547556,37598.94080547556,37801.78355580635,37801.78355580635
89,37053.77330129203,37053.77330129203,42193.70753594917,42193.70753594917
90,36672.86877091765,36672.86877091765,39946.04047687383,39946.04047687383
91,36890.910611087325,36890.910611087325,37764.714596873055,37764.714596873055
92,36915.25226688979,36915.25226688979,39639.41308350521,39639.41308350521
93,36793.32032222914,36793.32032222914,39669.15386514438,39669.15386514438
94,37182.75683958593,37182.75683958593,40599.94098181624,40599.94098181624
95,36663.83554833437,36663.83554833437,38721.11885422342,38721.11885422342
96,36651.68208573319,36651.68208573319,38033.311868822,38033.311868822
97,36252.42444592543,36252.42444592543,38948.84377189057,38948.84377189057
98,36326.57809094801,36326.57809094801,39707.886621458594,39707.886621458594
99,37388.093662437735,37388.093662437735,40142.96633838924,40142.96633838924
100,36268.43332133406,36268.43332133406,36977.10669583787,36977.10669583787
101,36241.96215850716,36241.96215850716,36838.10477433258,36838.10477433258
102,36571.29301253113,36571.29301253113,37530.21165745641,37530.21165745641
103,36446.2212284986,36446.2212284986,38381.80896406542,38381.80896406542
104,36563.78036464819,36563.78036464819,37328.707436225486,37328.707436225486
105,36624.89979228284,36624.89979228284,37819.17347118715,37819.17347118715
106,36552.020270664696,36552.020270664696,41776.53297084176,41776.53297084176
107,36205.26520907923,36205.26520907923,36485.88132394147,36485.88132394147
108,35941.51335811021,35941.51335811021,41350.35686123327,41350.35686123327
109,36504.66971756305,36504.66971756305,41338.038176540125,41338.038176540125
110,36935.03218399751,36935.03218399751,37576.5467606826,37576.5467606826
111,35641.80686925981,35641.80686925981,40123.17025935457,40123.17025935457
112,35795.55325001946,35795.55325001946,35995.95965386149,35995.95965386149
113,35505.75657203456,35505.75657203456,38411.02321129748,38411.02321129748
114,34646.513642687576,34646.513642687576,34906.915854486106,34906.915854486106
115,35160.74422089041,35160.74422089041,37543.063651687036,37543.063651687036
116,33534.24214128658,33534.24214128658,34391.1010456394,34391.1010456394
117,31335.412340442093,31335.412340442093,32365.21606262891,32365.21606262891
118,28642.644139652086,28642.644139652086,27201.446205148663,27201.446205148663
119,25524.775937889164,25524.775937889164,21861.188959675143,21861.188959675143
120,21185.035065039305,21185.035065039305,20118.824323338264,20118.824323338264
121,19070.474721260118,19070.474721260118,18022.51226418995,18022.51226418995
122,16481.268571713495,16481.268571713495,15052.458981030608,15052.458981030608
123,15223.127097237897,15223.127097237897,15530.70152455635,15530.70152455635
124,14381.433597398427,14381.433597398427,16363.27421218283,16363.27421218283
125,13825.267697306974,13825.267697306974,15140.244734102584,15140.244734102584
126,13941.529947511286,13941.529947511286,13462.08117690983,13462.08117690983
127,13461.225610260351,13461.225610260351,13020.624725759846,13020.624725759846
128,13601.311314260975,13601.311314260975,17384.58574686965,17384.58574686965
129,13477.773092115503,13477.773092115503,14457.091410749728,14457.091410749728
130,13606.660800805574,13606.660800805574,14942.406180679873,14942.406180679873
131,13568.680394078845,13568.680394078845,13337.788979802304,13337.788979802304
132,13259.508337265528,13259.508337265528,12976.973829219529,12976.973829219529
133,13193.20999377335,13193.20999377335,12698.524969535629,12698.524969535629
134,13295.783600803627,13295.783600803627,12832.272539986769,12832.272539986769
135,13055.299896506265,13055.299896506265,13408.260375216474,13408.260375216474
136,13350.514948216649,13350.514948216649,12469.476408049892,12469.476408049892
137,13106.183503147377,13106.183503147377,13032.222620069759,13032.222620069759
138,12723.048599490194,12723.048599490194,13058.817315924658,13058.817315924658
139,13305.928900655745,13305.928900655745,13646.190821285414,13646.190821285414
140,13084.60964741594,13084.60964741594,13259.205074172536,13259.205074172536
141,12555.430066936487,12555.430066936487,18367.311829905433,18367.311829905433
142,13103.699875466998,13103.699875466998,12214.614123428744,12214.614123428744
143,12868.328530583554,12868.328530583554,13368.318973527008,13368.318973527008
144,12588.501528691237,12588.501528691237,12511.11621306575,12511.11621306575
145,12991.338265804989,12991.338265804989,12896.511951641305,12896.511951641305
146,13016.383349426953,13016.383349426953,11984.679932248697,11984.679932248697
147,12935.040158244474,12935.040158244474,12022.824400259282,12022.824400259282
148,12451.273548777048,12451.273548777048,11939.116011186079,11939.116011186079
149,12712.61317301331,12712.61317301331,13789.67599924356,13789.67599924356
150,12868.027929930728,12868.027929930728,12024.95147013397,12024.95147013397
151,12667.646173650568,12667.646173650568,13521.052253694641,13521.052253694641
152,12640.603837294715,12640.603837294715,13150.385260291,13150.385260291
153,12664.687579049269,12664.687579049269,12528.12358197774,12528.12358197774
154,12764.879502463906,12764.879502463906,11982.540656710918,11982.540656710918
155,12568.520409913022,12568.520409913022,14447.739152616166,14447.739152616166
156,12658.685980429833,12658.685980429833,13321.019233143048,13321.019233143048
157,12791.98914957581,12791.98914957581,16248.624421116127,16248.624421116127
158,12689.629499119514,12689.629499119514,13385.9763040697,13385.9763040697
159,12573.947464464314,12573.947464464314,12998.868711326666,12998.868711326666
160,12477.295709935399,12477.295709935399,12760.985827074253,12760.985827074253
161,12690.394313560477,12690.394313560477,12218.305060855775,12218.305060855775
162,12234.134294369745,12234.134294369745,12384.048957644185,12384.048957644185
163,12614.64680361243,12614.64680361243,13551.06788507939,13551.06788507939
164,12413.70714374319,12413.70714374319,12147.81816023165,12147.81816023165
165,12567.984759301058,12567.984759301058,11871.179829180612,11871.179829180612
166,12538.262055621497,12538.262055621497,11992.479656062715,11992.479656062715
167,12275.17868722272,12275.17868722272,12342.047965119815,12342.047965119815
168,12686.433414368968,12686.433414368968,13687.263492189932,13687.263492189932
169,12433.809169593516,12433.809169593516,12912.616781916446,12912.616781916446
170,12397.121565005255,12397.121565005255,13108.590996045104,13108.590996045104
171,12141.292848959954,12141.292848959954,11764.81537800144,11764.81537800144
172,12361.815249698397,12361.815249698397,12814.891114801429,12814.891114801429
173,12478.947227316508,12478.947227316508,11948.77948051253,11948.77948051253
174,12147.976385551254,12147.976385551254,12327.942301634983,12327.942301634983
175,12303.065527586978,12303.065527586978,12063.514096308763,12063.514096308763
176,12140.660589804833,12140.660589804833,11277.486010711784,11277.486010711784
177,12364.272072988013,12364.272072988013,11569.934761550923,11569.934761550923
178,12317.01664838399,12317.01664838399,12308.499001546934,12308.499001546934
179,12245.980154377141,12245.980154377141,11711.75761761315,11711.75761761315
180,12393.969954589236,12393.969954589236,12095.949542547965,12095.949542547965
181,12333.203361539734,12333.203361539734,12418.860281938336,12418.860281938336
182,11993.274716882004,11993.274716882004,12585.849001911776,12585.849001911776
183,12159.529791845034,12159.529791845034,15964.163360785726,15964.163360785726
184,12058.850843759728,12058.850843759728,11619.997930125312,11619.997930125312
185,12454.253456885313,12454.253456885313,11941.398739711434,11941.398739711434
186,12456.563957546894,12456.563957546894,11841.378518300513,11841.378518300513
187,11978.294582875253,11978.294582875253,11857.394755020237,11857.394755020237
188,12252.90038576043,12252.90038576043,11525.511508053296,11525.511508053296
189,12237.504855449291,12237.504855449291,12973.108138487021,12973.108138487021
190,12335.753782811527,12335.753782811527,12346.520913092018,12346.520913092018
191,12363.919481631383,12363.919481631383,11900.25269223566,11900.25269223566
192,12040.263631742295,12040.263631742295,11904.712536119436,11904.712536119436
193,11987.07652881285,11987.07652881285,13088.066993646871,13088.066993646871
194,12172.425448635002,12172.425448635002,12855.220772141092,12855.220772141092
195,11919.696798018174,11919.696798018174,11965.022183048917,11965.022183048917
196,12004.797743933881,12004.797743933881,11661.926705518368,11661.926705518368
197,11931.162354427732,11931.162354427732,12933.547232393903,12933.547232393903
198,11924.331047998716,11924.331047998716,13788.594393947502,13788.594393947502
199,11723.431695351417,11723.431695351417,18385.41896781114,18385.41896781114
200,12433.028105055262,12433.028105055262,11864.2545894181,11864.2545894181
201,11874.46903700965,11874.46903700965,12199.174220330986,12199.174220330986
202,11954.898976859238,11954.898976859238,11389.447922341998,11389.447922341998
203,12009.169056589548,12009.169056589548,11424.412156804561,11424.412156804561
204,11921.088193444504,11921.088193444504,11616.384767145179,11616.384767145179
205,12012.08937492703,12012.08937492703,13305.172990202755,13305.172990202755
206,11971.68771160881,11971.68771160881,13566.937019623676,13566.937019623676
207,12364.338171553938,12364.338171553938,12018.682793528176,12018.682793528176
208,11747.166329997859,11747.166329997859,11786.552171909052,11786.552171909052
209,11860.298141004436,11860.298141004436,11504.022958643855,11504.022958643855
210,11717.224324189563,11717.224324189563,11701.912192680767,11701.912192680767
211,11853.030076422401,11853.030076422401,12061.671582821742,12061.671582821742
212,11850.069840028604,11850.069840028604,12321.72005279275,12321.72005279275
213,11707.905680237196,11707.905680237196,11982.80124368822,11982.80124368822
214,11887.901373268212,11887.901373268212,11786.068173001147,11786.068173001147
215,11640.728480964935,11640.728480964935,11734.735868727137,11734.735868727137
216,11673.188489331997,11673.188489331997,11344.574365599217,11344.574365599217
217,11668.313741073513,11668.313741073513,11819.67429831613,11819.67429831613
218,12018.462136008522,12018.462136008522,11852.069637540862,11852.069637540862
219,11560.186230955207,11560.186230955207,16476.035022474316,16476.035022474316
220,11953.221851771677,11953.221851771677,12226.740918759242,12226.740918759242
221,11443.884659820595,11443.884659820595,11352.696410372724,11352.696410372724
222,11814.121506022339,11814.121506022339,13966.625148369396,13966.625148369396
223,11574.173876770703,11574.173876770703,11815.093456909635,11815.093456909635
224,11632.568055339352,11632.568055339352,12244.058989604413,12244.058989604413
225,11579.421319830908,11579.421319830908,16379.937604588264,16379.937604588264
226,11545.124050192637,11545.124050192637,13858.49587302012,13858.49587302012
227,11760.00583140372,11760.00583140372,11468.570854899595,11468.570854899595
228,11685.384707858228,11685.384707858228,11957.619055495019,11957.619055495019
229,11481.770106485445,11481.770106485445,12742.650248640353,12742.650248640353
230,11777.764681881421,11777.764681881421,11392.009600229609,11392.009600229609
231,11574.47247322054,11574.47247322054,11255.187918961123,11255.187918961123
232,11840.988270912789,11840.988270912789,12972.131326373754,12972.131326373754
233,11632.61783722418,11632.61783722418,15235.729902027553,15235.729902027553
234,12033.165237293742,12033.165237293742,12791.25201119581,12791.25201119581
235,11388.171058968323,11388.171058968323,11516.748245106242,11516.748245106242
236,11614.42292270684,11614.42292270684,14491.52429184017,14491.52429184017
237,11561.237482244318,11561.237482244318,12102.983655347622,12102.983655347622
238,11365.862296782574,11365.862296782574,12202.337456006042,12202.337456006042
239,11413.865988687441,11413.865988687441,12111.89695167779,12111.89695167779
240,11382.303729483674,11382.303729483674,15889.809241954,15889.809241954
241,11607.10100307441,11607.10100307441,14421.764076850483,14421.764076850483
242,11460.713000685904,11460.713000685904,11334.590684408566,11334.590684408566
243,11638.611118340403,11638.611118340403,14262.007872090988,14262.007872090988
244,11570.11968059231,11570.11968059231,11427.631223001634,11427.631223001634
245,11596.05606356534,11596.05606356534,20834.029422137686,20834.029422137686
246,11578.527901351377,11578.527901351377,15024.418374333554,15024.418374333554
247,11883.769748331453,11883.769748331453,12309.603320434115,12309.603320434115
248,11584.847098040551,11584.847098040551,12244.661247129903,12244.661247129903
249,11543.013670050786,11543.013670050786,12123.363187911056,12123.363187911056
250,11420.637857059464,11420.637857059464,12675.5148719037,12675.5148719037
251,11222.739162345306,11222.739162345306,11675.607619802207,11675.607619802207
252,11380.8492153448,11380.8492153448,11359.22497604199,11359.22497604199
253,11398.680642171934,11398.680642171934,11606.641972333971,11606.641972333971
254,11477.713089464314,11477.713089464314,11760.271808477,11760.271808477
255,11238.08503147377,11238.08503147377,12168.368750547264,12168.368750547264
256,11223.369872134768,11223.369872134768,11980.738518397806,11980.738518397806
257,11490.850292847135,11490.850292847135,11979.617616494299,11979.617616494299
258,11496.23968528662,11496.23968528662,11464.723758379223,11464.723758379223
259,11422.398865582192,11422.398865582192,11380.652452898797,11380.652452898797
260,11264.946979831491,11264.946979831491,11774.779883359764,11774.779883359764
261,11186.787839668625,11186.787839668625,11523.03118296014,11523.03118296014
262,11371.185872801214,11371.185872801214,11234.85555266384,11234.85555266384
263,11312.880951193765,11312.880951193765,11657.308884864133,11657.308884864133
264,11216.900164422479,11216.900164422479,12423.234409051993,12423.234409051993
265,11430.837348225405,11430.837348225405,12228.115172047692,12228.115172047692
266,11507.221461389905,11507.221461389905,11835.492917185555,11835.492917185555
267,11425.946956116712,11425.946956116712,12293.98609340948,12293.98609340948
268,11273.435507958437,11273.435507958437,11575.672045259962,11575.672045259962
269,11642.09785812967,11642.09785812967,11457.792652400909,11457.792652400909
270,11186.069257496303,11186.069257496303,12327.793498076062,12327.793498076062
271,11343.015026049774,11343.015026049774,11457.842262657612,11457.842262657612
272,11572.778331865855,11572.778331865855,11624.532587756848,11624.532587756848
273,11010.563035710811,11010.563035710811,12021.566337537944,12021.566337537944
274,11339.144394737994,11339.144394737994,11679.70199337932,11679.70199337932
275,11611.02824916816,11611.02824916816,11293.776772162983,11293.776772162983
276,11345.638059547206,11345.638059547206,11336.841426255545,11336.841426255545
277,11401.111343934854,11401.111343934854,12292.097473524576,12292.097473524576
278,11249.903052153059,11249.903052153059,12285.2929337859,12285.2929337859
279,11231.334045790201,11231.334045790201,11364.142588766248,11364.142588766248
280,11166.135767118423,11166.135767118423,11979.074682100327,11979.074682100327
281,11320.217494940847,11320.217494940847,11461.824559269926,11461.824559269926
282,11070.573700065186,11070.573700065186,11243.828498355775,11243.828498355775
283,11391.469766087133,11391.469766087133,12143.869012017922,12143.869012017922
284,11365.664386602,11365.664386602,11500.62632301112,11500.62632301112
285,11247.201057557597,11247.201057557597,12148.81327118642,12148.81327118642
286,11381.015712258231,11381.015712258231,12150.249752514983,12150.249752514983
287,11199.498194636324,11199.498194636324,11400.515471766033,11400.515471766033
288,11498.191130793703,11498.191130793703,11169.956493714975,11169.956493714975
289,11184.906125953456,11184.906125953456,11983.969392427323,11983.969392427323
290,11461.61040324856,11461.61040324856,11408.612854687986,11408.612854687986
291,11387.575627651191,11387.575627651191,11379.488953472817,11379.488953472817
292,11146.070994451957,11146.070994451957,11743.905242121828,11743.905242121828
293,11396.273436891928,11396.273436891928,11251.524134045669,11251.524134045669
294,11356.636001529907,11356.636001529907,11084.538147048665,11084.538147048665
295,11165.392415769964,11165.392415769964,11801.812860282242,11801.812860282242
296,11149.523108533429,11149.523108533429,11447.087536119436,11447.087536119436
297,11157.729374221668,11157.729374221668,11464.411516657505,11464.411516657505
298,11393.589421444485,11393.589421444485,11254.54414293567,11254.54414293567
299,11339.666571402164,11339.666571402164,14117.641580888076,14117.641580888076
300,11160.50528231534,11160.50528231534,12231.682729984725,12231.682729984725
301,11052.432966828495,11052.432966828495,11120.704482519166,11120.704482519166
302,11302.639407033195,11302.639407033195,11645.011157500194,11645.011157500194
303,11446.97744754777,11446.97744754777,11749.189317829138,11749.189317829138
304,11001.709545928841,11001.709545928841,12058.341145326607,12058.341145326607
305,11278.909194889282,11278.909194889282,13012.28314444612,13012.28314444612
306,11234.719513129476,11234.719513129476,11791.79836431862,11791.79836431862
307,11159.528663264711,11159.528663264711,11956.534167374057,11956.534167374057
308,10985.569045583457,10985.569045583457,11596.42257002549,11596.42257002549
309,11178.736284951938,11178.736284951938,11519.686085018096,11519.686085018096
310,11089.176462897922,11089.176462897922,11157.908393755351,11157.908393755351
311,11021.903584215443,11021.903584215443,12114.010382817365,12114.010382817365
312,11142.538788867918,11142.538788867918,11222.444760067228,11222.444760067228
313,11090.380791879086,11090.380791879086,11478.715573283536,11478.715573283536
314,11199.326940477116,11199.326940477116,11306.656283443921,11306.656283443921
315,10956.93419938901,10956.93419938901,11597.960281695108,11597.960281695108
316,11385.664637127375,11385.664637127375,11137.990220693397,11137.990220693397
317,11042.926459249495,11042.926459249495,13452.997032460062,13452.997032460062
318,11260.930477384612,11260.930477384612,11235.22656037175,11235.22656037175
319,11258.44470686099,11258.44470686099,11680.440069405258,11680.440069405258
320,11148.64580819972,11148.64580819972,12078.349035355697,12078.349035355697
321,11081.116415857527,11081.116415857527,12406.247502651191,12406.247502651191
322,10989.778766636831,10989.778766636831,12045.534769212622,12045.534769212622
323,11136.921887465462,11136.921887465462,11677.561540767532,11677.561540767532
324,10945.55719731427,10945.55719731427,11764.087165499981,11764.087165499981
325,11337.4379597019,11337.4379597019,11229.291129942403,11229.291129942403
326,11189.962371332114,11189.962371332114,11372.058589493501,11372.058589493501
327,11089.583044600813,11089.583044600813,11418.846685768212,11418.846685768212
328,11041.567202823397,11041.567202823397,11379.991665774829,11379.991665774829
329,11203.172036746964,11203.172036746964,11481.236603581297,11481.236603581297
330,10979.280414206005,10979.280414206005,11450.87399120972,11450.87399120972
331,10959.07318837319,10959.07318837319,11514.639504324603,11514.639504324603
332,10985.180138992937,10985.180138992937,11404.905213694496,11404.905213694496
333,11027.120925314252,11027.120925314252,12725.302292307168,12725.302292307168
334,11041.010526930262,11041.010526930262,13379.322881601222,13379.322881601222
335,11107.710267405433,11107.710267405433,11271.962832858228,11271.962832858228
336,10987.190429079428,10987.190429079428,12294.139931798723,12294.139931798723
337,11071.89801489045,11071.89801489045,11355.689973329992,11355.689973329992
338,10996.083072876128,10996.083072876128,11289.827631550144,11289.827631550144
339,10991.03526448669,10991.03526448669,22994.251082366904,22994.251082366904
340,10896.559472413022,10896.559472413022,11569.85940297128,11569.85940297128
341,10870.746843501907,10870.746843501907,11495.702429062403,11495.702429062403
342,10919.924729134642,10919.924729134642,11387.009602661892,11387.009602661892
343,10891.685989550902,10891.685989550902,11584.191794503522,11584.191794503522
344,10903.28245154888,10903.28245154888,11624.698488456375,11624.698488456375
345,11077.50562465948,11077.50562465948,12138.356756036932,12138.356756036932
346,11006.915821650256,11006.915821650256,11333.299739623872,11333.299739623872
347,10918.274820254124,10918.274820254124,14344.853856752996,14344.853856752996
348,11192.008647381888,11192.008647381888,11339.321822949098,11339.321822949098
349,11178.183741511324,11178.183741511324,11320.064908874436,11320.064908874436
350,10806.307468210032,10806.307468210032,11204.346787620156,11204.346787620156
351,10697.183680704195,10697.183680704195,11490.171154435515,11490.171154435515
352,10974.560804089158,10974.560804089158,13017.245733619775,13017.245733619775
353,10901.885685028798,10901.885685028798,11454.384186741127,11454.384186741127
354,10856.89677989765,10856.89677989765,12708.250217081453,12708.250217081453
355,10879.737415356476,10879.737415356476,11706.060626836375,11706.060626836375
356,10987.475961117489,10987.475961117489,13401.716227112196,13401.716227112196
357,10920.606298159246,10920.606298159246,11216.509110732215,11216.509110732215
358,10948.238700211123,10948.238700211123,11688.000580404052,11688.000580404052
359,10926.754221839003,10926.754221839003,11543.651448365017,11543.651448365017
360,10818.736500817247,10818.736500817247,11780.582518011071,11780.582518011071
361,10768.370151847565,10768.370151847565,12074.495698199622,12074.495698199622
362,11224.781979077483,11224.781979077483,12983.037445790444,12983.037445790444
363,10920.85229735416,10920.85229735416,12568.791148184542,12568.791148184542
364,10820.856514024556,10820.856514024556,11282.919533621478,11282.919533621478
365,10936.503912938784,10936.503912938784,11632.373810156494,11632.373810156494
366,10982.769298358695,10982.769298358695,11864.43964314728,11864.43964314728
367,10914.587678408117,10914.587678408117,11354.140339510526,11354.140339510526
368,10721.454170882627,10721.454170882627,12315.165389311565,12315.165389311565
369,10657.520124727584,10657.520124727584,12302.741993221221,12302.741993221221
370,11250.517205377297,11250.517205377297,13293.201624280044,13293.201624280044
371,10762.145469199973,10762.145469199973,11342.86070150753,11342.86070150753
372,10995.578610848965,10995.578610848965,11792.769732217563,11792.769732217563
373,10958.767936887065,10958.767936887065,11272.525971029052,11272.525971029052
374,11062.676929288606,11062.676929288606,11817.595306054443,11817.595306054443
375,10882.26185982254,10882.26185982254,11554.190293175494,11554.190293175494
376,10717.867424039734,10717.867424039734,11502.598380766949,11502.598380766949
377,10860.239848857798,10860.239848857798,11645.136973835908,11645.136973835908
378,10688.438151548393,10688.438151548393,11478.314081289403,11478.314081289403
379,10802.278844773991,10802.278844773991,13330.049392415161,13330.049392415161
380,11004.993130010507,11004.993130010507,11888.782999725152,11888.782999725152
381,11010.296786525627,11010.296786525627,11459.132534611417,11459.132534611417
382,10853.008913717116,10853.008913717116,11630.044725772008,11630.044725772008
383,10760.181438137259,10760.181438137259,13153.797981689757,13153.797981689757
384,10839.369295987215,10839.369295987215,11553.93794297994,11553.93794297994
385,10696.028904669014,10696.028904669014,11442.251476397105,11442.251476397105
386,10842.315060284189,10842.315060284189,12520.352714795104,12520.352714795104
387,10668.341189107741,10668.341189107741,11806.32927972739,11806.32927972739
388,10818.109651976474,10818.109651976474,11390.614132245777,11390.614132245777
389,10744.07345805281,10744.07345805281,11375.216515946062,11375.216515946062
390,10729.915628283585,10729.915628283585,11628.74198835665,11628.74198835665
391,10717.768882741964,10717.768882741964,12675.278647454857,12675.278647454857
392,11306.444540857527,11306.444540857527,11493.087687833224,11493.087687833224
393,10827.096960312403,10827.096960312403,12049.742138854297,12049.742138854297
394,10873.111042331491,10873.111042331491,12129.609130859375,12129.609130859375
395,10908.541540390528,10908.541540390528,13980.449182873794,13980.449182873794
396,10717.254154343089,10717.254154343089,12794.063148508036,12794.063148508036
397,10840.093227058685,10840.093227058685,11282.319694091493,11282.319694091493
398,10708.21753446548,10708.21753446548,14436.073045780471,14436.073045780471
399,10901.164390250427,10901.164390250427,11462.969591570672,11462.969591570672
400,10690.126903263154,10690.126903263154,11515.565798178704,11515.565798178704
401,10668.803662899867,10668.803662899867,11389.018659883834,11389.018659883834
402,10631.284830931858,10631.284830931858,11346.48916903409,11346.48916903409
403,10655.684970423412,10655.684970423412,11922.775071691605,11922.775071691605
404,11016.118776390294,11016.118776390294,11593.444104566372,11593.444104566372
405,10753.208531361885,10753.208531361885,11782.882886684698,11782.882886684698
406,10951.197090500467,10951.197090500467,11419.122107100813,11419.122107100813
407,10640.370686342232,10640.370686342232,12388.29810087173,12388.29810087173
408,10754.978099096163,10754.978099096163,11335.294558552401,11335.294558552401
409,10606.57553400821,10606.57553400821,12203.823728644536,12203.823728644536
410,10783.191160589196,10783.191160589196,11349.01518202006,11349.01518202006
411,10652.483817398623,10652.483817398623,11429.465995132998,11429.465995132998
412,10650.41957953086,10650.41957953086,17236.88911181458,17236.88911181458
413,10995.395229923917,10995.395229923917,12114.797002390937,12114.797002390937
414,10670.367754830519,10670.367754830519,11485.697808632667,11485.697808632667
415,10731.295254185963,10731.295254185963,11174.414512472758,11174.414512472758
416,10561.59843093283,10561.59843093283,11874.745931699,11874.745931699
417,10713.41092606826,10713.41092606826,11952.333670306176,11952.333670306176
418,10740.299610712756,10740.299610712756,11516.879766366847,11516.879766366847
419,10676.870871195906,10676.870871195906,13244.311159810866,13244.311159810866
420,10619.306228352661,10619.306228352661,12358.93133810953,12358.93133810953
421,10609.907914291134,10609.907914291134,11416.802859941723,11416.802859941723
422,10894.504121203203,10894.504121203203,11334.34516315769,11334.34516315769
423,10649.440379217582,10649.440379217582,11126.996578838876,11126.996578838876
424,10792.003760920961,10792.003760920961,11217.895358835032,11217.895358835032
425,10714.841229544481,10714.841229544481,11565.032640659052,11565.032640659052
426,10645.576562256772,10645.576562256772,11474.7945628089,11474.7945628089
427,10761.418291939894,10761.418291939894,11510.021447890722,11510.021447890722
428,10727.283068741244,10727.283068741244,12321.306620862682,12321.306620862682
429,10833.472913768193,10833.472913768193,11976.139010874747,11976.139010874747
430,10514.500646987857,10514.500646987857,11963.7203747665,11963.7203747665
431,10814.036058627802,10814.036058627802,11659.540358908002,11659.540358908002
432,10586.522713287088,10586.522713287088,11525.362348468634,11525.362348468634
433,10795.382965125895,10795.382965125895,11483.910650307927,11483.910650307927
434,10601.418150563317,10601.418150563317,11750.40627097846,11750.40627097846
435,10572.709428875116,10572.709428875116,12252.552821937266,12252.552821937266
436,10675.923085669949,10675.923085669949,12054.347465315614,12054.347465315614
437,10536.714681394964,10536.714681394964,12872.279080401619,12872.279080401619
438,10972.924806511714,10972.924806511714,11228.436621032943,11228.436621032943
439,10813.846707050709,10813.846707050709,11188.96325668392,11188.96325668392
440,10607.322953961706,10607.322953961706,12038.554617571801,12038.554617571801
441,10753.712928021385,10753.712928021385,11595.766994680593,11595.766994680593
442,10518.162415538896,10518.162415538896,11901.536593426506,11901.536593426506
443,10627.950732239453,10627.950732239453,12237.373408981457,12237.373408981457
444,10662.988967458457,10662.988967458457,14679.101674385118,14679.101674385118
445,10700.185604641772,10700.185604641772,11222.187275925728,11222.187275925728
446,10804.797634785084,10804.797634785084,11480.394998780817,11480.394998780817
447,10690.961305991204,10690.961305991204,12024.156001754895,12024.156001754895
448,10702.256886711453,10702.256886711453,11564.9456058944,11564.9456058944
449,10548.763777679405,10548.763777679405,11663.694879857274,11663.694879857274
450,10555.618995295961,10555.618995295961,11919.566280075207,11919.566280075207
451,10638.457755462912,10638.457755462912,12811.135560374183,12811.135560374183
452,10700.797860379535,10700.797860379535,11975.803786034305,11975.803786034305
453,10621.359181025256,10621.359181025256,11333.688451935612,11333.688451935612
454,10624.20291825576,10624.20291825576,12085.26676710991,12085.26676710991
455,10649.744537999592,10649.744537999592,11604.431850713632,11604.431850713632
456,10513.250806910608,10513.250806910608,13406.170689260975,13406.170689260975
457,10811.030290463495,10811.030290463495,11585.005077091279,11585.005077091279
458,10821.609482932656,10821.609482932656,11721.85353873171,11721.85353873171
459,10468.860058472135,10468.860058472135,11198.642084675144,11198.642084675144
460,10575.42061690049,10575.42061690049,11227.4804994576,11227.4804994576
461,10704.684036425902,10704.684036425902,11665.308698338264,11665.308698338264
462,10714.88898411961,10714.88898411961,11321.026841179075,11321.026841179075
463,10470.207732356203,10470.207732356203,11028.983207807149,11028.983207807149
464,10622.567278832308,10622.567278832308,11791.33395640372,11791.33395640372
465,10526.08495880925,10526.08495880925,11495.912054040513,11495.912054040513
466,10547.126296408002,10547.126296408002,11124.974857468089,11124.974857468089
467,10701.157190078222,10701.157190078222,11368.48835877909,11368.48835877909
468,10537.119128463573,10537.119128463573,11076.17773923957,11076.17773923957
469,10698.772039240057,10698.772039240057,11365.699749900275,11365.699749900275
470,10538.014492163176,10538.014492163176,11502.78591421087,11502.78591421087
471,10561.547801700654,10561.547801700654,11440.482616457815,11440.482616457815
472,10656.435250136208,10656.435250136208,11488.049564195302,11488.049564195302
473,10951.520825225716,10951.520825225716,11344.360716709312,11344.360716709312
474,10389.60935554172,10389.60935554172,11124.429707566353,11124.429707566353
475,10973.669650675203,10973.669650675203,11275.452308664286,11275.452308664286
476,10523.951393212952,10523.951393212952,11037.193817252686,11037.193817252686
477,10673.278068875019,10673.278068875019,11686.481393018368,11686.481393018368
478,11149.008314158818,11149.008314158818,15413.000960448611,15413.000960448611
479,10481.076654075538,10481.076654075538,13081.84029433083,13081.84029433083
480,11085.967846710091,11085.967846710091,11438.64932467602,11438.64932467602
481,10509.174211209916,10509.174211209916,11725.1860372845,11725.1860372845
482,10514.760354846085,10514.760354846085,11889.345498509008,11889.345498509008
483,10584.168280690574,10584.168280690574,11516.896541229666,11516.896541229666
484,10495.987279148505,10495.987279148505,11650.609315713049,11650.609315713049
485,10790.285247460693,10790.285247460693,11723.570117005078,11723.570117005078
486,10554.410937013543,10554.410937013543,13276.268398717213,13276.268398717213
487,10513.89984153662,10513.89984153662,11433.868379775791,11433.868379775791
488,10584.079362425085,10584.079362425085,11606.162678377714,11606.162678377714
489,10669.082327988792,10669.082327988792,12471.873906383777,12471.873906383777
490,10502.749285212192,10502.749285212192,11150.547191197073,11150.547191197073
491,10528.519626109122,10528.519626109122,11835.971406359453,11835.971406359453
492,10696.275379071645,10696.275379071645,11168.819364212815,11168.819364212815
493,10577.161708960051,10577.161708960051,11428.261357555652,11428.261357555652
494,10657.601898155355,10657.601898155355,11997.376811140353,11997.376811140353
495,10619.861081856125,10619.861081856125,11763.160640274751,11763.160640274751
496,10508.71182528409,10508.71182528409,11660.91822170766,11660.91822170766
497,10519.574346444972,10519.574346444972,11201.540420627238,11201.540420627238
498,10528.123922497665,10528.123922497665,11755.93005067058,11755.93005067058
499,10469.458792832542,10469.458792832542,11429.5043574389,11429.5043574389
